ARM GAS  C:\Users\EmilR\AppData\Local\Temp\ccbtngxr.s 			page 1


   1              		.cpu cortex-m0
   2              		.fpu softvfp
   3              		.eabi_attribute 20, 1
   4              		.eabi_attribute 21, 1
   5              		.eabi_attribute 23, 3
   6              		.eabi_attribute 24, 1
   7              		.eabi_attribute 25, 1
   8              		.eabi_attribute 26, 1
   9              		.eabi_attribute 30, 1
  10              		.eabi_attribute 34, 0
  11              		.eabi_attribute 18, 4
  12              		.code	16
  13              		.file	"accelerometer.c"
  14              		.text
  15              	.Ltext0:
  16              		.cfi_sections	.debug_frame
  17              		.section	.text.mpu_init,"ax",%progbits
  18              		.align	2
  19              		.global	mpu_init
  20              		.code	16
  21              		.thumb_func
  22              		.type	mpu_init, %function
  23              	mpu_init:
  24              	.LFB34:
  25              		.file 1 ".\\accelerometer.c"
   1:.\accelerometer.c **** #include <project.h>
   2:.\accelerometer.c **** #include <stdio.h>
   3:.\accelerometer.c **** #include <functions.h>
   4:.\accelerometer.c **** #include <mpu_register_address.h>
   5:.\accelerometer.c **** 
   6:.\accelerometer.c **** void mpu_init(MPU_9150_Acc_config_s *configObj) {
  26              		.loc 1 6 0
  27              		.cfi_startproc
  28              	.LVL0:
  29 0000 10B5     		push	{r4, lr}
  30              		.cfi_def_cfa_offset 8
  31              		.cfi_offset 4, -8
  32              		.cfi_offset 14, -4
  33 0002 041C     		mov	r4, r0
   7:.\accelerometer.c ****     configObj->accConfigData = 0b00010000;
  34              		.loc 1 7 0
  35 0004 1023     		mov	r3, #16
  36 0006 0370     		strb	r3, [r0]
   8:.\accelerometer.c ****     configObj->sampleRateDividerData = 0x08;
  37              		.loc 1 8 0
  38 0008 083B     		sub	r3, r3, #8
  39 000a 4370     		strb	r3, [r0, #1]
   9:.\accelerometer.c ****     configObj->fifoData = 0b00001000;
  40              		.loc 1 9 0
  41 000c 8370     		strb	r3, [r0, #2]
  10:.\accelerometer.c ****     configObj->powerManagement = 0b00000001;
  42              		.loc 1 10 0
  43 000e 073B     		sub	r3, r3, #7
  44 0010 C370     		strb	r3, [r0, #3]
  11:.\accelerometer.c ****     
  12:.\accelerometer.c ****     WriteI2CData(PWR_MGMT_1, configObj->powerManagement);
  45              		.loc 1 12 0
ARM GAS  C:\Users\EmilR\AppData\Local\Temp\ccbtngxr.s 			page 2


  46 0012 6B20     		mov	r0, #107
  47              	.LVL1:
  48 0014 0121     		mov	r1, #1
  49 0016 FFF7FEFF 		bl	WriteI2CData
  50              	.LVL2:
  13:.\accelerometer.c ****     //Sætter sample rate divideren på gyroscopet
  14:.\accelerometer.c ****     WriteI2CData(SAMPLE_RATE_DIVIDER, configObj->sampleRateDividerData); 
  51              		.loc 1 14 0
  52 001a 6178     		ldrb	r1, [r4, #1]
  53 001c 1920     		mov	r0, #25
  54 001e FFF7FEFF 		bl	WriteI2CData
  55              	.LVL3:
  15:.\accelerometer.c ****     WriteI2CData(ACC_CONFIG, configObj->accConfigData);
  56              		.loc 1 15 0
  57 0022 2178     		ldrb	r1, [r4]
  58 0024 1C20     		mov	r0, #28
  59 0026 FFF7FEFF 		bl	WriteI2CData
  60              	.LVL4:
  16:.\accelerometer.c **** }
  61              		.loc 1 16 0
  62              		@ sp needed
  63              	.LVL5:
  64 002a 10BD     		pop	{r4, pc}
  65              		.cfi_endproc
  66              	.LFE34:
  67              		.size	mpu_init, .-mpu_init
  68              		.section	.text.movement_init,"ax",%progbits
  69              		.align	2
  70              		.global	movement_init
  71              		.code	16
  72              		.thumb_func
  73              		.type	movement_init, %function
  74              	movement_init:
  75              	.LFB35:
  17:.\accelerometer.c **** 
  18:.\accelerometer.c **** void movement_init(movement_XY_s *init) {
  76              		.loc 1 18 0
  77              		.cfi_startproc
  78              	.LVL6:
  19:.\accelerometer.c ****     uint8 i;
  20:.\accelerometer.c ****     for (i = 0; i < 2; i++) {
  79              		.loc 1 20 0
  80 0000 0023     		mov	r3, #0
  81 0002 15E0     		b	.L3
  82              	.LVL7:
  83              	.L4:
  21:.\accelerometer.c ****         init->acceleration_x[i] = 0;
  84              		.loc 1 21 0 discriminator 3
  85 0004 5900     		lsl	r1, r3, #1
  86 0006 4118     		add	r1, r0, r1
  87 0008 0022     		mov	r2, #0
  88 000a CA80     		strh	r2, [r1, #6]
  22:.\accelerometer.c ****         init->acceleration_y[i] = 0;
  89              		.loc 1 22 0 discriminator 3
  90 000c 191D     		add	r1, r3, #4
  91 000e 4900     		lsl	r1, r1, #1
  92 0010 4118     		add	r1, r0, r1
ARM GAS  C:\Users\EmilR\AppData\Local\Temp\ccbtngxr.s 			page 3


  93 0012 4A80     		strh	r2, [r1, #2]
  23:.\accelerometer.c ****         init->velocity_x[i] = 0; 
  94              		.loc 1 23 0 discriminator 3
  95 0014 CA80     		strh	r2, [r1, #6]
  24:.\accelerometer.c ****         init->velocity_y[i] = 0;   
  96              		.loc 1 24 0 discriminator 3
  97 0016 191C     		mov	r1, r3
  98 0018 0831     		add	r1, r1, #8
  99 001a 4900     		lsl	r1, r1, #1
 100 001c 4118     		add	r1, r0, r1
 101 001e 4A80     		strh	r2, [r1, #2]
  25:.\accelerometer.c ****         init->position_x[i] = 0;
 102              		.loc 1 25 0 discriminator 3
 103 0020 CA80     		strh	r2, [r1, #6]
  26:.\accelerometer.c ****         init->position_y[i] = 0;
 104              		.loc 1 26 0 discriminator 3
 105 0022 191C     		mov	r1, r3
 106 0024 0C31     		add	r1, r1, #12
 107 0026 4900     		lsl	r1, r1, #1
 108 0028 4118     		add	r1, r0, r1
 109 002a 4A80     		strh	r2, [r1, #2]
  20:.\accelerometer.c ****         init->acceleration_x[i] = 0;
 110              		.loc 1 20 0 discriminator 3
 111 002c 0133     		add	r3, r3, #1
 112              	.LVL8:
 113 002e DBB2     		uxtb	r3, r3
 114              	.LVL9:
 115              	.L3:
  20:.\accelerometer.c ****         init->acceleration_x[i] = 0;
 116              		.loc 1 20 0 is_stmt 0 discriminator 1
 117 0030 012B     		cmp	r3, #1
 118 0032 E7D9     		bls	.L4
  27:.\accelerometer.c ****     }
  28:.\accelerometer.c ****     init->countx = 0;
 119              		.loc 1 28 0 is_stmt 1
 120 0034 0023     		mov	r3, #0
 121              	.LVL10:
 122 0036 0370     		strb	r3, [r0]
  29:.\accelerometer.c ****     init->county = 0;
 123              		.loc 1 29 0
 124 0038 4370     		strb	r3, [r0, #1]
  30:.\accelerometer.c ****     init->AccErrorX = 0;
 125              		.loc 1 30 0
 126 003a 4380     		strh	r3, [r0, #2]
  31:.\accelerometer.c ****        
  32:.\accelerometer.c **** }
 127              		.loc 1 32 0
 128              		@ sp needed
 129 003c 7047     		bx	lr
 130              		.cfi_endproc
 131              	.LFE35:
 132              		.size	movement_init, .-movement_init
 133 003e C046     		.section	.text.setAcceleration,"ax",%progbits
 134              		.align	2
 135              		.global	setAcceleration
 136              		.code	16
 137              		.thumb_func
ARM GAS  C:\Users\EmilR\AppData\Local\Temp\ccbtngxr.s 			page 4


 138              		.type	setAcceleration, %function
 139              	setAcceleration:
 140              	.LFB36:
  33:.\accelerometer.c **** 
  34:.\accelerometer.c **** 
  35:.\accelerometer.c **** void setAcceleration(movement_XY_s *movementData) {
 141              		.loc 1 35 0
 142              		.cfi_startproc
 143              	.LVL11:
 144 0000 F0B5     		push	{r4, r5, r6, r7, lr}
 145              		.cfi_def_cfa_offset 20
 146              		.cfi_offset 4, -20
 147              		.cfi_offset 5, -16
 148              		.cfi_offset 6, -12
 149              		.cfi_offset 7, -8
 150              		.cfi_offset 14, -4
 151 0002 83B0     		sub	sp, sp, #12
 152              		.cfi_def_cfa_offset 32
 153 0004 071C     		mov	r7, r0
 154              	.LVL12:
  36:.\accelerometer.c ****     int8_t temp_acc_H[2];
  37:.\accelerometer.c ****     int8_t temp_acc_L[2];
  38:.\accelerometer.c ****     int16_t acc_total[2];
  39:.\accelerometer.c ****     
  40:.\accelerometer.c ****     //Variable til for løkke
  41:.\accelerometer.c ****     int8_t i; 
  42:.\accelerometer.c ****     for (i = 0; i < 2; i++) {
 155              		.loc 1 42 0
 156 0006 0026     		mov	r6, #0
 157 0008 25E0     		b	.L6
 158              	.LVL13:
 159              	.L8:
  43:.\accelerometer.c ****         temp_acc_H[i] = ReadI2CData(ACCEL_XOUT_H);
 160              		.loc 1 43 0
 161 000a 75B2     		sxtb	r5, r6
 162 000c 3B20     		mov	r0, #59
 163 000e FFF7FEFF 		bl	ReadI2CData
 164              	.LVL14:
 165 0012 C4B2     		uxtb	r4, r0
  44:.\accelerometer.c ****         temp_acc_L[i] = ReadI2CData(ACCEL_XOUT_L);
 166              		.loc 1 44 0
 167 0014 3C20     		mov	r0, #60
 168 0016 FFF7FEFF 		bl	ReadI2CData
 169              	.LVL15:
  45:.\accelerometer.c ****         acc_total[i] = ((temp_acc_H[i] << 8) + temp_acc_L[i]);
 170              		.loc 1 45 0
 171 001a 64B2     		sxtb	r4, r4
 172 001c 2402     		lsl	r4, r4, #8
 173 001e 40B2     		sxtb	r0, r0
 174 0020 0019     		add	r0, r0, r4
  46:.\accelerometer.c ****         //Trækker x-accel fejl fra værdien
  47:.\accelerometer.c ****         acc_total[i] -= movementData->AccErrorX;
 175              		.loc 1 47 0
 176 0022 7C88     		ldrh	r4, [r7, #2]
 177 0024 001B     		sub	r0, r0, r4
 178 0026 80B2     		uxth	r0, r0
 179 0028 6A00     		lsl	r2, r5, #1
ARM GAS  C:\Users\EmilR\AppData\Local\Temp\ccbtngxr.s 			page 5


 180 002a 01AB     		add	r3, sp, #4
 181 002c D052     		strh	r0, [r2, r3]
  48:.\accelerometer.c ****         //Checker om accelerationen skal betragted som 0
  49:.\accelerometer.c ****         if (acc_total[i] < TOLERANCE && acc_total[i] > -TOLERANCE) {
 182              		.loc 1 49 0
 183 002e C730     		add	r0, r0, #199
 184 0030 80B2     		uxth	r0, r0
 185 0032 C723     		mov	r3, #199
 186 0034 5B00     		lsl	r3, r3, #1
 187 0036 9842     		cmp	r0, r3
 188 0038 03D8     		bhi	.L7
  50:.\accelerometer.c ****             acc_total[i] = 0;
 189              		.loc 1 50 0
 190 003a 131C     		mov	r3, r2
 191 003c 0021     		mov	r1, #0
 192 003e 01AA     		add	r2, sp, #4
 193 0040 9952     		strh	r1, [r3, r2]
 194              	.L7:
  51:.\accelerometer.c ****         }
  52:.\accelerometer.c ****         movementData->acceleration_x[i] = acc_total[i];  
 195              		.loc 1 52 0 discriminator 2
 196 0042 6D00     		lsl	r5, r5, #1
 197 0044 01AB     		add	r3, sp, #4
 198 0046 EB5A     		ldrh	r3, [r5, r3]
 199 0048 7D19     		add	r5, r7, r5
 200 004a EB80     		strh	r3, [r5, #6]
  53:.\accelerometer.c ****         CyDelay(5);
 201              		.loc 1 53 0 discriminator 2
 202 004c 0520     		mov	r0, #5
 203 004e FFF7FEFF 		bl	CyDelay
 204              	.LVL16:
  42:.\accelerometer.c ****         temp_acc_H[i] = ReadI2CData(ACCEL_XOUT_H);
 205              		.loc 1 42 0 discriminator 2
 206 0052 0136     		add	r6, r6, #1
 207              	.LVL17:
 208 0054 F6B2     		uxtb	r6, r6
 209              	.LVL18:
 210              	.L6:
  42:.\accelerometer.c ****         temp_acc_H[i] = ReadI2CData(ACCEL_XOUT_H);
 211              		.loc 1 42 0 is_stmt 0 discriminator 1
 212 0056 73B2     		sxtb	r3, r6
 213 0058 012B     		cmp	r3, #1
 214 005a D6DD     		ble	.L8
  54:.\accelerometer.c ****     }
  55:.\accelerometer.c **** 
  56:.\accelerometer.c ****   
  57:.\accelerometer.c **** }
 215              		.loc 1 57 0 is_stmt 1
 216 005c 03B0     		add	sp, sp, #12
 217              		@ sp needed
 218              	.LVL19:
 219              	.LVL20:
 220 005e F0BD     		pop	{r4, r5, r6, r7, pc}
 221              		.cfi_endproc
 222              	.LFE36:
 223              		.size	setAcceleration, .-setAcceleration
 224              		.section	.text.setVelocity,"ax",%progbits
ARM GAS  C:\Users\EmilR\AppData\Local\Temp\ccbtngxr.s 			page 6


 225              		.align	2
 226              		.global	setVelocity
 227              		.code	16
 228              		.thumb_func
 229              		.type	setVelocity, %function
 230              	setVelocity:
 231              	.LFB37:
  58:.\accelerometer.c **** 
  59:.\accelerometer.c **** void setVelocity(movement_XY_s *movementData) {
 232              		.loc 1 59 0
 233              		.cfi_startproc
 234              	.LVL21:
 235 0000 30B5     		push	{r4, r5, lr}
 236              		.cfi_def_cfa_offset 12
 237              		.cfi_offset 4, -12
 238              		.cfi_offset 5, -8
 239              		.cfi_offset 14, -4
  60:.\accelerometer.c ****     //Tager integrale af x-acceleration for at finde hastighed
  61:.\accelerometer.c ****     
  62:.\accelerometer.c ****     
  63:.\accelerometer.c ****     movementData->velocity_x[1] = movementData->velocity_x[0]+movementData->acceleration_x[1]+((mov
 240              		.loc 1 63 0
 241 0002 C489     		ldrh	r4, [r0, #14]
 242 0004 0189     		ldrh	r1, [r0, #8]
 243 0006 0AB2     		sxth	r2, r1
 244 0008 0625     		mov	r5, #6
 245 000a 435F     		ldrsh	r3, [r0, r5]
 246 000c D31A     		sub	r3, r2, r3
 247 000e DA0F     		lsr	r2, r3, #31
 248 0010 D318     		add	r3, r2, r3
 249 0012 5B10     		asr	r3, r3, #1
 250 0014 6118     		add	r1, r4, r1
 251 0016 CB18     		add	r3, r1, r3
 252 0018 0382     		strh	r3, [r0, #16]
  64:.\accelerometer.c ****     //Tager integrale af y-acceleration for at finde hastighed
  65:.\accelerometer.c ****     movementData->velocity_y[1] = movementData->velocity_y[0]+movementData->acceleration_y[1]+((mov
 253              		.loc 1 65 0
 254 001a 448A     		ldrh	r4, [r0, #18]
 255 001c 8189     		ldrh	r1, [r0, #12]
 256 001e 0AB2     		sxth	r2, r1
 257 0020 0A25     		mov	r5, #10
 258 0022 435F     		ldrsh	r3, [r0, r5]
 259 0024 D31A     		sub	r3, r2, r3
 260 0026 DA0F     		lsr	r2, r3, #31
 261 0028 D318     		add	r3, r2, r3
 262 002a 5B10     		asr	r3, r3, #1
 263 002c 6118     		add	r1, r4, r1
 264 002e CB18     		add	r3, r1, r3
 265 0030 8382     		strh	r3, [r0, #20]
  66:.\accelerometer.c ****     
  67:.\accelerometer.c **** }
 266              		.loc 1 67 0
 267              		@ sp needed
 268 0032 30BD     		pop	{r4, r5, pc}
 269              		.cfi_endproc
 270              	.LFE37:
 271              		.size	setVelocity, .-setVelocity
ARM GAS  C:\Users\EmilR\AppData\Local\Temp\ccbtngxr.s 			page 7


 272              		.section	.text.setPosition,"ax",%progbits
 273              		.align	2
 274              		.global	setPosition
 275              		.code	16
 276              		.thumb_func
 277              		.type	setPosition, %function
 278              	setPosition:
 279              	.LFB38:
  68:.\accelerometer.c **** 
  69:.\accelerometer.c **** void setPosition(movement_XY_s *movementData) {
 280              		.loc 1 69 0
 281              		.cfi_startproc
 282              	.LVL22:
 283 0000 30B5     		push	{r4, r5, lr}
 284              		.cfi_def_cfa_offset 12
 285              		.cfi_offset 4, -12
 286              		.cfi_offset 5, -8
 287              		.cfi_offset 14, -4
  70:.\accelerometer.c ****     //Tager integrale af x-acceleration for at finde hastighed
  71:.\accelerometer.c ****     movementData->position_x[1] = movementData->position_x[0]+movementData->velocity_x[1]+((movemen
 288              		.loc 1 71 0
 289 0002 C38A     		ldrh	r3, [r0, #22]
 290 0004 018A     		ldrh	r1, [r0, #16]
 291 0006 0E22     		mov	r2, #14
 292 0008 845E     		ldrsh	r4, [r0, r2]
 293 000a 0AB2     		sxth	r2, r1
 294 000c 121B     		sub	r2, r2, r4
 295 000e D50F     		lsr	r5, r2, #31
 296 0010 AA18     		add	r2, r5, r2
 297 0012 5210     		asr	r2, r2, #1
 298 0014 5918     		add	r1, r3, r1
 299 0016 8A18     		add	r2, r1, r2
 300 0018 0283     		strh	r2, [r0, #24]
  72:.\accelerometer.c ****     //Tager integrale af y-acceleration for at finde hastighed
  73:.\accelerometer.c ****     movementData->position_y[1] = movementData->position_y[0]+movementData->velocity_y[1]+((movemen
 301              		.loc 1 73 0
 302 001a 458B     		ldrh	r5, [r0, #26]
 303 001c 818A     		ldrh	r1, [r0, #20]
 304 001e 0AB2     		sxth	r2, r1
 305 0020 131B     		sub	r3, r2, r4
 306 0022 DA0F     		lsr	r2, r3, #31
 307 0024 D318     		add	r3, r2, r3
 308 0026 5B10     		asr	r3, r3, #1
 309 0028 6918     		add	r1, r5, r1
 310 002a CB18     		add	r3, r1, r3
 311 002c 8383     		strh	r3, [r0, #28]
  74:.\accelerometer.c ****     
  75:.\accelerometer.c **** }
 312              		.loc 1 75 0
 313              		@ sp needed
 314 002e 30BD     		pop	{r4, r5, pc}
 315              		.cfi_endproc
 316              	.LFE38:
 317              		.size	setPosition, .-setPosition
 318              		.global	__aeabi_uidiv
 319              		.global	__aeabi_idiv
 320              		.section	.text.calibrateMPU9150,"ax",%progbits
ARM GAS  C:\Users\EmilR\AppData\Local\Temp\ccbtngxr.s 			page 8


 321              		.align	2
 322              		.global	calibrateMPU9150
 323              		.code	16
 324              		.thumb_func
 325              		.type	calibrateMPU9150, %function
 326              	calibrateMPU9150:
 327              	.LFB39:
  76:.\accelerometer.c **** 
  77:.\accelerometer.c **** 
  78:.\accelerometer.c **** 
  79:.\accelerometer.c **** void calibrateMPU9150(MPU_9150_Acc_config_s *accConfig, movement_XY_s *movementData) {
 328              		.loc 1 79 0
 329              		.cfi_startproc
 330              	.LVL23:
 331 0000 F0B5     		push	{r4, r5, r6, r7, lr}
 332              		.cfi_def_cfa_offset 20
 333              		.cfi_offset 4, -20
 334              		.cfi_offset 5, -16
 335              		.cfi_offset 6, -12
 336              		.cfi_offset 7, -8
 337              		.cfi_offset 14, -4
 338 0002 4746     		mov	r7, r8
 339 0004 80B4     		push	{r7}
 340              		.cfi_def_cfa_offset 24
 341              		.cfi_offset 8, -24
 342 0006 88B0     		sub	sp, sp, #32
 343              		.cfi_def_cfa_offset 56
 344 0008 041C     		mov	r4, r0
 345 000a 8846     		mov	r8, r1
  80:.\accelerometer.c ****     int32_t error[3] = {0,0,0}; //Fejl data fra x,y,z (ACC)
 346              		.loc 1 80 0
 347 000c 0023     		mov	r3, #0
 348 000e 0593     		str	r3, [sp, #20]
 349 0010 0693     		str	r3, [sp, #24]
 350 0012 0793     		str	r3, [sp, #28]
  81:.\accelerometer.c ****     int8_t data[6] = {0,0,0,0,0,0}; //data fra FIFO 
 351              		.loc 1 81 0
 352 0014 03AA     		add	r2, sp, #12
 353 0016 1370     		strb	r3, [r2]
 354 0018 5370     		strb	r3, [r2, #1]
 355 001a 9370     		strb	r3, [r2, #2]
 356 001c D370     		strb	r3, [r2, #3]
 357 001e 1371     		strb	r3, [r2, #4]
 358 0020 5371     		strb	r3, [r2, #5]
 359              	.LVL24:
  82:.\accelerometer.c ****     int16_t acc_temp[3] = {0,0,0}; //Midlertidig acc data
  83:.\accelerometer.c ****     uint16_t fifo_count; //Tæller hvor mange bytes der ligger i FIFO'en
  84:.\accelerometer.c ****     uint8_t i,j = 0; //For loop counter
  85:.\accelerometer.c ****     uint16_t packetCount;
  86:.\accelerometer.c ****     
  87:.\accelerometer.c ****     /*
  88:.\accelerometer.c ****     AFS_SEL Full Scale Range LSB Sensitivity
  89:.\accelerometer.c ****         ±2g 16384 LSB/mg
  90:.\accelerometer.c ****         ±4g 8192 LSB/mg
  91:.\accelerometer.c ****         ±8g 4096 LSB/mg
  92:.\accelerometer.c ****         ±16g 2048 LSB/mg
  93:.\accelerometer.c ****     */
ARM GAS  C:\Users\EmilR\AppData\Local\Temp\ccbtngxr.s 			page 9


  94:.\accelerometer.c ****     
  95:.\accelerometer.c ****     WriteI2CData(CONFIG, 0x01); //Sætter båndbredde til 184 for acc og 188 for gyro
 360              		.loc 1 95 0
 361 0022 1A20     		mov	r0, #26
 362              	.LVL25:
 363 0024 0121     		mov	r1, #1
 364              	.LVL26:
 365 0026 FFF7FEFF 		bl	WriteI2CData
 366              	.LVL27:
  96:.\accelerometer.c ****     WriteI2CData(SAMPLE_RATE_DIVIDER, 0x00); //Sætter samplerate til 1kHz
 367              		.loc 1 96 0
 368 002a 1920     		mov	r0, #25
 369 002c 0021     		mov	r1, #0
 370 002e FFF7FEFF 		bl	WriteI2CData
 371              	.LVL28:
  97:.\accelerometer.c ****     WriteI2CData(ACC_CONFIG, accConfig->accConfigData); //Sætter acc til 2g, dette er maksimum fø
 372              		.loc 1 97 0
 373 0032 2178     		ldrb	r1, [r4]
 374 0034 1C20     		mov	r0, #28
 375 0036 FFF7FEFF 		bl	WriteI2CData
 376              	.LVL29:
  98:.\accelerometer.c **** 
  99:.\accelerometer.c ****     //Opsætning af FIFO
 100:.\accelerometer.c ****     WriteI2CData(USER_CTRL, 0x40); //Sætter bit 7 til høj; FIFO er enabled
 377              		.loc 1 100 0
 378 003a 6A20     		mov	r0, #106
 379 003c 4021     		mov	r1, #64
 380 003e FFF7FEFF 		bl	WriteI2CData
 381              	.LVL30:
 101:.\accelerometer.c ****     WriteI2CData(FIFO_EN, 0x08); //Sætter ACC registrene vil blive placeret i FIFO'en
 382              		.loc 1 101 0
 383 0042 2320     		mov	r0, #35
 384 0044 0821     		mov	r1, #8
 385 0046 FFF7FEFF 		bl	WriteI2CData
 386              	.LVL31:
 102:.\accelerometer.c ****     //Laver delay på 80 ms, således der bliver foretaget 80 samples
 103:.\accelerometer.c ****     // 80*3 = 240*2 = 480 bytes i bufferen.
 104:.\accelerometer.c ****     CyDelay(80); 
 387              		.loc 1 104 0
 388 004a 5020     		mov	r0, #80
 389 004c FFF7FEFF 		bl	CyDelay
 390              	.LVL32:
 105:.\accelerometer.c ****     WriteI2CData(FIFO_EN, 0x00); // Disabler FIFO (bevarer eksisterende data)
 391              		.loc 1 105 0
 392 0050 2320     		mov	r0, #35
 393 0052 0021     		mov	r1, #0
 394 0054 FFF7FEFF 		bl	WriteI2CData
 395              	.LVL33:
 106:.\accelerometer.c ****     fifo_count = (ReadI2CData(FIFO_COUNTH) << 8) + ReadI2CData(FIFO_COUNTL);
 396              		.loc 1 106 0
 397 0058 7220     		mov	r0, #114
 398 005a FFF7FEFF 		bl	ReadI2CData
 399              	.LVL34:
 400 005e 041C     		mov	r4, r0
 401              	.LVL35:
 402 0060 7320     		mov	r0, #115
 403 0062 FFF7FEFF 		bl	ReadI2CData
ARM GAS  C:\Users\EmilR\AppData\Local\Temp\ccbtngxr.s 			page 10


 404              	.LVL36:
 405 0066 2402     		lsl	r4, r4, #8
 406 0068 2018     		add	r0, r4, r0
 407 006a 80B2     		uxth	r0, r0
 408              	.LVL37:
 107:.\accelerometer.c ****     
 108:.\accelerometer.c ****       
 109:.\accelerometer.c ****     //Dividerer med 2 da brugbar data er 16 bits lang(2bytes) der er 3 akser
 110:.\accelerometer.c ****     //Derfor 2*3 = 6.
 111:.\accelerometer.c ****     packetCount = fifo_count / 6; 
 409              		.loc 1 111 0
 410 006c 0621     		mov	r1, #6
 411 006e FFF7FEFF 		bl	__aeabi_uidiv
 412              	.LVL38:
 413 0072 86B2     		uxth	r6, r0
 414              	.LVL39:
 112:.\accelerometer.c **** 
 113:.\accelerometer.c **** 
 114:.\accelerometer.c ****     for(i = 0; i < packetCount; i++) {
 415              		.loc 1 114 0
 416 0074 0025     		mov	r5, #0
 417 0076 29E0     		b	.L12
 418              	.LVL40:
 419              	.L13:
 115:.\accelerometer.c ****         ReadI2CBytes(6, FIFO_R_W, data);
 420              		.loc 1 115 0 discriminator 3
 421 0078 03AC     		add	r4, sp, #12
 422 007a 0620     		mov	r0, #6
 423 007c 7421     		mov	r1, #116
 424 007e 221C     		mov	r2, r4
 425 0080 FFF7FEFF 		bl	ReadI2CBytes
 426              	.LVL41:
 116:.\accelerometer.c ****         acc_temp[0] = (data[0] << 8) + data[1];
 427              		.loc 1 116 0 discriminator 3
 428 0084 0021     		mov	r1, #0
 429 0086 6156     		ldrsb	r1, [r4, r1]
 430 0088 0902     		lsl	r1, r1, #8
 431 008a 0123     		mov	r3, #1
 432 008c E356     		ldrsb	r3, [r4, r3]
 433 008e 5918     		add	r1, r3, r1
 117:.\accelerometer.c ****         acc_temp[1] = (data[2] << 8) + data[3];
 434              		.loc 1 117 0 discriminator 3
 435 0090 0222     		mov	r2, #2
 436 0092 A256     		ldrsb	r2, [r4, r2]
 437 0094 1202     		lsl	r2, r2, #8
 438 0096 0323     		mov	r3, #3
 439 0098 E356     		ldrsb	r3, [r4, r3]
 440 009a 9A18     		add	r2, r3, r2
 118:.\accelerometer.c ****         acc_temp[2] = (data[4] << 8) + data[5];
 441              		.loc 1 118 0 discriminator 3
 442 009c 0423     		mov	r3, #4
 443 009e E356     		ldrsb	r3, [r4, r3]
 444 00a0 1B02     		lsl	r3, r3, #8
 445 00a2 0520     		mov	r0, #5
 446 00a4 2056     		ldrsb	r0, [r4, r0]
 447 00a6 C318     		add	r3, r0, r3
 119:.\accelerometer.c **** 
ARM GAS  C:\Users\EmilR\AppData\Local\Temp\ccbtngxr.s 			page 11


 120:.\accelerometer.c ****         error[0] += acc_temp[0];
 448              		.loc 1 120 0 discriminator 3
 449 00a8 09B2     		sxth	r1, r1
 450 00aa 0598     		ldr	r0, [sp, #20]
 451 00ac 8446     		mov	ip, r0
 452 00ae 6144     		add	r1, r1, ip
 453 00b0 0591     		str	r1, [sp, #20]
 121:.\accelerometer.c ****         error[1] += acc_temp[1];
 454              		.loc 1 121 0 discriminator 3
 455 00b2 12B2     		sxth	r2, r2
 456 00b4 0699     		ldr	r1, [sp, #24]
 457 00b6 8C46     		mov	ip, r1
 458 00b8 6244     		add	r2, r2, ip
 459 00ba 0692     		str	r2, [sp, #24]
 122:.\accelerometer.c ****         error[2] += acc_temp[2];
 460              		.loc 1 122 0 discriminator 3
 461 00bc 1BB2     		sxth	r3, r3
 462 00be 079A     		ldr	r2, [sp, #28]
 463 00c0 0192     		str	r2, [sp, #4]
 464 00c2 9446     		mov	ip, r2
 465 00c4 6344     		add	r3, r3, ip
 466 00c6 0793     		str	r3, [sp, #28]
 114:.\accelerometer.c ****         ReadI2CBytes(6, FIFO_R_W, data);
 467              		.loc 1 114 0 discriminator 3
 468 00c8 0135     		add	r5, r5, #1
 469              	.LVL42:
 470 00ca EDB2     		uxtb	r5, r5
 471              	.LVL43:
 472              	.L12:
 114:.\accelerometer.c ****         ReadI2CBytes(6, FIFO_R_W, data);
 473              		.loc 1 114 0 is_stmt 0 discriminator 1
 474 00cc ABB2     		uxth	r3, r5
 475 00ce B342     		cmp	r3, r6
 476 00d0 D2D3     		bcc	.L13
 477 00d2 0024     		mov	r4, #0
 478 00d4 08E0     		b	.L14
 479              	.LVL44:
 480              	.L15:
 123:.\accelerometer.c ****     
 124:.\accelerometer.c ****     }
 125:.\accelerometer.c **** 
 126:.\accelerometer.c ****     
 127:.\accelerometer.c ****     for (j = 0; j < 3; j++) {
 128:.\accelerometer.c ****         //Finder gennemsnitsfejl
 129:.\accelerometer.c ****         error[j]  = error[j] / packetCount; 
 481              		.loc 1 129 0 is_stmt 1 discriminator 3
 482 00d6 05AD     		add	r5, sp, #20
 483 00d8 A700     		lsl	r7, r4, #2
 484 00da 7859     		ldr	r0, [r7, r5]
 485 00dc 311C     		mov	r1, r6
 486 00de FFF7FEFF 		bl	__aeabi_idiv
 487              	.LVL45:
 488 00e2 7851     		str	r0, [r7, r5]
 127:.\accelerometer.c ****         //Finder gennemsnitsfejl
 489              		.loc 1 127 0 discriminator 3
 490 00e4 0134     		add	r4, r4, #1
 491              	.LVL46:
ARM GAS  C:\Users\EmilR\AppData\Local\Temp\ccbtngxr.s 			page 12


 492 00e6 E4B2     		uxtb	r4, r4
 493              	.LVL47:
 494              	.L14:
 127:.\accelerometer.c ****         //Finder gennemsnitsfejl
 495              		.loc 1 127 0 is_stmt 0 discriminator 1
 496 00e8 022C     		cmp	r4, #2
 497 00ea F4D9     		bls	.L15
 130:.\accelerometer.c ****             
 131:.\accelerometer.c ****     }
 132:.\accelerometer.c ****     movementData->AccErrorX = error[0];
 498              		.loc 1 132 0 is_stmt 1
 499 00ec 059B     		ldr	r3, [sp, #20]
 500 00ee 4246     		mov	r2, r8
 501 00f0 5380     		strh	r3, [r2, #2]
 133:.\accelerometer.c ****     movementData->AccErrorY = error[1];
 502              		.loc 1 133 0
 503 00f2 069B     		ldr	r3, [sp, #24]
 504 00f4 9380     		strh	r3, [r2, #4]
 134:.\accelerometer.c **** }...
 505              		.loc 1 134 0
 506 00f6 08B0     		add	sp, sp, #32
 507              		@ sp needed
 508              	.LVL48:
 509              	.LVL49:
 510              	.LVL50:
 511 00f8 04BC     		pop	{r2}
 512 00fa 9046     		mov	r8, r2
 513 00fc F0BD     		pop	{r4, r5, r6, r7, pc}
 514              		.cfi_endproc
 515              	.LFE39:
 516              		.size	calibrateMPU9150, .-calibrateMPU9150
 517 00fe C046     		.text
 518              	.Letext0:
 519              		.file 2 "c:\\program files (x86)\\cypress\\psoc creator\\3.3\\psoc creator\\import\\gnu\\arm\\4.9.
 520              		.file 3 "c:\\program files (x86)\\cypress\\psoc creator\\3.3\\psoc creator\\import\\gnu\\arm\\4.9.
 521              		.file 4 "Generated_Source\\PSoC4/cytypes.h"
 522              		.file 5 "./structs.h"
 523              		.file 6 "./functions.h"
 524              		.file 7 "Generated_Source\\PSoC4/CyLib.h"
 525              		.section	.debug_info,"",%progbits
 526              	.Ldebug_info0:
 527 0000 B3050000 		.4byte	0x5b3
 528 0004 0400     		.2byte	0x4
 529 0006 00000000 		.4byte	.Ldebug_abbrev0
 530 000a 04       		.byte	0x4
 531 000b 01       		.uleb128 0x1
 532 000c 2E010000 		.4byte	.LASF66
 533 0010 01       		.byte	0x1
 534 0011 CD000000 		.4byte	.LASF67
 535 0015 23030000 		.4byte	.LASF68
 536 0019 00000000 		.4byte	.Ldebug_ranges0+0
 537 001d 00000000 		.4byte	0
 538 0021 00000000 		.4byte	.Ldebug_line0
 539 0025 02       		.uleb128 0x2
 540 0026 55020000 		.4byte	.LASF0
 541 002a 02       		.byte	0x2
 542 002b 1B       		.byte	0x1b
ARM GAS  C:\Users\EmilR\AppData\Local\Temp\ccbtngxr.s 			page 13


 543 002c 30000000 		.4byte	0x30
 544 0030 03       		.uleb128 0x3
 545 0031 01       		.byte	0x1
 546 0032 06       		.byte	0x6
 547 0033 EA010000 		.4byte	.LASF2
 548 0037 02       		.uleb128 0x2
 549 0038 AB030000 		.4byte	.LASF1
 550 003c 02       		.byte	0x2
 551 003d 1D       		.byte	0x1d
 552 003e 42000000 		.4byte	0x42
 553 0042 03       		.uleb128 0x3
 554 0043 01       		.byte	0x1
 555 0044 08       		.byte	0x8
 556 0045 DC010000 		.4byte	.LASF3
 557 0049 02       		.uleb128 0x2
 558 004a 6F030000 		.4byte	.LASF4
 559 004e 02       		.byte	0x2
 560 004f 29       		.byte	0x29
 561 0050 54000000 		.4byte	0x54
 562 0054 03       		.uleb128 0x3
 563 0055 02       		.byte	0x2
 564 0056 05       		.byte	0x5
 565 0057 3B000000 		.4byte	.LASF5
 566 005b 02       		.uleb128 0x2
 567 005c 98000000 		.4byte	.LASF6
 568 0060 02       		.byte	0x2
 569 0061 2B       		.byte	0x2b
 570 0062 66000000 		.4byte	0x66
 571 0066 03       		.uleb128 0x3
 572 0067 02       		.byte	0x2
 573 0068 07       		.byte	0x7
 574 0069 42020000 		.4byte	.LASF7
 575 006d 02       		.uleb128 0x2
 576 006e 65030000 		.4byte	.LASF8
 577 0072 02       		.byte	0x2
 578 0073 3F       		.byte	0x3f
 579 0074 78000000 		.4byte	0x78
 580 0078 03       		.uleb128 0x3
 581 0079 04       		.byte	0x4
 582 007a 05       		.byte	0x5
 583 007b 6F020000 		.4byte	.LASF9
 584 007f 02       		.uleb128 0x2
 585 0080 81000000 		.4byte	.LASF10
 586 0084 02       		.byte	0x2
 587 0085 41       		.byte	0x41
 588 0086 8A000000 		.4byte	0x8a
 589 008a 03       		.uleb128 0x3
 590 008b 04       		.byte	0x4
 591 008c 07       		.byte	0x7
 592 008d 0A030000 		.4byte	.LASF11
 593 0091 03       		.uleb128 0x3
 594 0092 08       		.byte	0x8
 595 0093 05       		.byte	0x5
 596 0094 E5000000 		.4byte	.LASF12
 597 0098 03       		.uleb128 0x3
 598 0099 08       		.byte	0x8
 599 009a 07       		.byte	0x7
ARM GAS  C:\Users\EmilR\AppData\Local\Temp\ccbtngxr.s 			page 14


 600 009b F6010000 		.4byte	.LASF13
 601 009f 04       		.uleb128 0x4
 602 00a0 04       		.byte	0x4
 603 00a1 05       		.byte	0x5
 604 00a2 696E7400 		.ascii	"int\000"
 605 00a6 03       		.uleb128 0x3
 606 00a7 04       		.byte	0x4
 607 00a8 07       		.byte	0x7
 608 00a9 16020000 		.4byte	.LASF14
 609 00ad 02       		.uleb128 0x2
 610 00ae 34000000 		.4byte	.LASF15
 611 00b2 03       		.byte	0x3
 612 00b3 14       		.byte	0x14
 613 00b4 25000000 		.4byte	0x25
 614 00b8 02       		.uleb128 0x2
 615 00b9 A3000000 		.4byte	.LASF16
 616 00bd 03       		.byte	0x3
 617 00be 15       		.byte	0x15
 618 00bf 37000000 		.4byte	0x37
 619 00c3 02       		.uleb128 0x2
 620 00c4 B1020000 		.4byte	.LASF17
 621 00c8 03       		.byte	0x3
 622 00c9 20       		.byte	0x20
 623 00ca 49000000 		.4byte	0x49
 624 00ce 02       		.uleb128 0x2
 625 00cf 23020000 		.4byte	.LASF18
 626 00d3 03       		.byte	0x3
 627 00d4 21       		.byte	0x21
 628 00d5 5B000000 		.4byte	0x5b
 629 00d9 02       		.uleb128 0x2
 630 00da 85020000 		.4byte	.LASF19
 631 00de 03       		.byte	0x3
 632 00df 2C       		.byte	0x2c
 633 00e0 6D000000 		.4byte	0x6d
 634 00e4 02       		.uleb128 0x2
 635 00e5 0D020000 		.4byte	.LASF20
 636 00e9 03       		.byte	0x3
 637 00ea 2D       		.byte	0x2d
 638 00eb 7F000000 		.4byte	0x7f
 639 00ef 05       		.uleb128 0x5
 640 00f0 B1000000 		.4byte	.LASF21
 641 00f4 04       		.byte	0x4
 642 00f5 9801     		.2byte	0x198
 643 00f7 42000000 		.4byte	0x42
 644 00fb 05       		.uleb128 0x5
 645 00fc F6020000 		.4byte	.LASF22
 646 0100 04       		.byte	0x4
 647 0101 9A01     		.2byte	0x19a
 648 0103 8A000000 		.4byte	0x8a
 649 0107 05       		.uleb128 0x5
 650 0108 AB000000 		.4byte	.LASF23
 651 010c 04       		.byte	0x4
 652 010d 9C01     		.2byte	0x19c
 653 010f 54000000 		.4byte	0x54
 654 0113 03       		.uleb128 0x3
 655 0114 04       		.byte	0x4
 656 0115 04       		.byte	0x4
ARM GAS  C:\Users\EmilR\AppData\Local\Temp\ccbtngxr.s 			page 15


 657 0116 DF000000 		.4byte	.LASF24
 658 011a 03       		.uleb128 0x3
 659 011b 08       		.byte	0x8
 660 011c 04       		.byte	0x4
 661 011d 1C030000 		.4byte	.LASF25
 662 0121 03       		.uleb128 0x3
 663 0122 01       		.byte	0x1
 664 0123 08       		.byte	0x8
 665 0124 65020000 		.4byte	.LASF26
 666 0128 03       		.uleb128 0x3
 667 0129 04       		.byte	0x4
 668 012a 07       		.byte	0x7
 669 012b 62000000 		.4byte	.LASF27
 670 012f 06       		.uleb128 0x6
 671 0130 C6010000 		.4byte	.LASF32
 672 0134 04       		.byte	0x4
 673 0135 05       		.byte	0x5
 674 0136 05       		.byte	0x5
 675 0137 6C010000 		.4byte	0x16c
 676 013b 07       		.uleb128 0x7
 677 013c 1C000000 		.4byte	.LASF28
 678 0140 05       		.byte	0x5
 679 0141 06       		.byte	0x6
 680 0142 B8000000 		.4byte	0xb8
 681 0146 00       		.byte	0
 682 0147 07       		.uleb128 0x7
 683 0148 4C000000 		.4byte	.LASF29
 684 014c 05       		.byte	0x5
 685 014d 07       		.byte	0x7
 686 014e B8000000 		.4byte	0xb8
 687 0152 01       		.byte	0x1
 688 0153 07       		.uleb128 0x7
 689 0154 B9020000 		.4byte	.LASF30
 690 0158 05       		.byte	0x5
 691 0159 08       		.byte	0x8
 692 015a B8000000 		.4byte	0xb8
 693 015e 02       		.byte	0x2
 694 015f 07       		.uleb128 0x7
 695 0160 F3000000 		.4byte	.LASF31
 696 0164 05       		.byte	0x5
 697 0165 09       		.byte	0x9
 698 0166 B8000000 		.4byte	0xb8
 699 016a 03       		.byte	0x3
 700 016b 00       		.byte	0
 701 016c 02       		.uleb128 0x2
 702 016d C6010000 		.4byte	.LASF32
 703 0171 05       		.byte	0x5
 704 0172 0A       		.byte	0xa
 705 0173 2F010000 		.4byte	0x12f
 706 0177 06       		.uleb128 0x6
 707 0178 99020000 		.4byte	.LASF33
 708 017c 1E       		.byte	0x1e
 709 017d 05       		.byte	0x5
 710 017e 0C       		.byte	0xc
 711 017f FC010000 		.4byte	0x1fc
 712 0183 07       		.uleb128 0x7
 713 0184 45000000 		.4byte	.LASF34
ARM GAS  C:\Users\EmilR\AppData\Local\Temp\ccbtngxr.s 			page 16


 714 0188 05       		.byte	0x5
 715 0189 0D       		.byte	0xd
 716 018a EF000000 		.4byte	0xef
 717 018e 00       		.byte	0
 718 018f 07       		.uleb128 0x7
 719 0190 5E020000 		.4byte	.LASF35
 720 0194 05       		.byte	0x5
 721 0195 0D       		.byte	0xd
 722 0196 EF000000 		.4byte	0xef
 723 019a 01       		.byte	0x1
 724 019b 07       		.uleb128 0x7
 725 019c A7020000 		.4byte	.LASF36
 726 01a0 05       		.byte	0x5
 727 01a1 0F       		.byte	0xf
 728 01a2 07010000 		.4byte	0x107
 729 01a6 02       		.byte	0x2
 730 01a7 07       		.uleb128 0x7
 731 01a8 24010000 		.4byte	.LASF37
 732 01ac 05       		.byte	0x5
 733 01ad 0F       		.byte	0xf
 734 01ae 07010000 		.4byte	0x107
 735 01b2 04       		.byte	0x4
 736 01b3 07       		.uleb128 0x7
 737 01b4 D8020000 		.4byte	.LASF38
 738 01b8 05       		.byte	0x5
 739 01b9 11       		.byte	0x11
 740 01ba FC010000 		.4byte	0x1fc
 741 01be 06       		.byte	0x6
 742 01bf 07       		.uleb128 0x7
 743 01c0 E7020000 		.4byte	.LASF39
 744 01c4 05       		.byte	0x5
 745 01c5 12       		.byte	0x12
 746 01c6 FC010000 		.4byte	0x1fc
 747 01ca 0A       		.byte	0xa
 748 01cb 07       		.uleb128 0x7
 749 01cc 6B000000 		.4byte	.LASF40
 750 01d0 05       		.byte	0x5
 751 01d1 13       		.byte	0x13
 752 01d2 FC010000 		.4byte	0x1fc
 753 01d6 0E       		.byte	0xe
 754 01d7 07       		.uleb128 0x7
 755 01d8 76000000 		.4byte	.LASF41
 756 01dc 05       		.byte	0x5
 757 01dd 14       		.byte	0x14
 758 01de FC010000 		.4byte	0x1fc
 759 01e2 12       		.byte	0x12
 760 01e3 07       		.uleb128 0x7
 761 01e4 2C020000 		.4byte	.LASF42
 762 01e8 05       		.byte	0x5
 763 01e9 15       		.byte	0x15
 764 01ea FC010000 		.4byte	0x1fc
 765 01ee 16       		.byte	0x16
 766 01ef 07       		.uleb128 0x7
 767 01f0 37020000 		.4byte	.LASF43
 768 01f4 05       		.byte	0x5
 769 01f5 16       		.byte	0x16
 770 01f6 FC010000 		.4byte	0x1fc
ARM GAS  C:\Users\EmilR\AppData\Local\Temp\ccbtngxr.s 			page 17


 771 01fa 1A       		.byte	0x1a
 772 01fb 00       		.byte	0
 773 01fc 08       		.uleb128 0x8
 774 01fd 07010000 		.4byte	0x107
 775 0201 0C020000 		.4byte	0x20c
 776 0205 09       		.uleb128 0x9
 777 0206 28010000 		.4byte	0x128
 778 020a 01       		.byte	0x1
 779 020b 00       		.byte	0
 780 020c 02       		.uleb128 0x2
 781 020d 99020000 		.4byte	.LASF33
 782 0211 05       		.byte	0x5
 783 0212 17       		.byte	0x17
 784 0213 77010000 		.4byte	0x177
 785 0217 0A       		.uleb128 0xa
 786 0218 1B010000 		.4byte	.LASF44
 787 021c 01       		.byte	0x1
 788 021d 06       		.byte	0x6
 789 021e 00000000 		.4byte	.LFB34
 790 0222 2C000000 		.4byte	.LFE34-.LFB34
 791 0226 01       		.uleb128 0x1
 792 0227 9C       		.byte	0x9c
 793 0228 77020000 		.4byte	0x277
 794 022c 0B       		.uleb128 0xb
 795 022d B7000000 		.4byte	.LASF46
 796 0231 01       		.byte	0x1
 797 0232 06       		.byte	0x6
 798 0233 77020000 		.4byte	0x277
 799 0237 00000000 		.4byte	.LLST0
 800 023b 0C       		.uleb128 0xc
 801 023c 1A000000 		.4byte	.LVL2
 802 0240 55050000 		.4byte	0x555
 803 0244 54020000 		.4byte	0x254
 804 0248 0D       		.uleb128 0xd
 805 0249 01       		.uleb128 0x1
 806 024a 51       		.byte	0x51
 807 024b 01       		.uleb128 0x1
 808 024c 31       		.byte	0x31
 809 024d 0D       		.uleb128 0xd
 810 024e 01       		.uleb128 0x1
 811 024f 50       		.byte	0x50
 812 0250 02       		.uleb128 0x2
 813 0251 08       		.byte	0x8
 814 0252 6B       		.byte	0x6b
 815 0253 00       		.byte	0
 816 0254 0C       		.uleb128 0xc
 817 0255 22000000 		.4byte	.LVL3
 818 0259 55050000 		.4byte	0x555
 819 025d 67020000 		.4byte	0x267
 820 0261 0D       		.uleb128 0xd
 821 0262 01       		.uleb128 0x1
 822 0263 50       		.byte	0x50
 823 0264 01       		.uleb128 0x1
 824 0265 49       		.byte	0x49
 825 0266 00       		.byte	0
 826 0267 0E       		.uleb128 0xe
 827 0268 2A000000 		.4byte	.LVL4
ARM GAS  C:\Users\EmilR\AppData\Local\Temp\ccbtngxr.s 			page 18


 828 026c 55050000 		.4byte	0x555
 829 0270 0D       		.uleb128 0xd
 830 0271 01       		.uleb128 0x1
 831 0272 50       		.byte	0x50
 832 0273 01       		.uleb128 0x1
 833 0274 4C       		.byte	0x4c
 834 0275 00       		.byte	0
 835 0276 00       		.byte	0
 836 0277 0F       		.uleb128 0xf
 837 0278 04       		.byte	0x4
 838 0279 6C010000 		.4byte	0x16c
 839 027d 0A       		.uleb128 0xa
 840 027e 9D030000 		.4byte	.LASF45
 841 0282 01       		.byte	0x1
 842 0283 12       		.byte	0x12
 843 0284 00000000 		.4byte	.LFB35
 844 0288 3E000000 		.4byte	.LFE35-.LFB35
 845 028c 01       		.uleb128 0x1
 846 028d 9C       		.byte	0x9c
 847 028e AD020000 		.4byte	0x2ad
 848 0292 10       		.uleb128 0x10
 849 0293 6A020000 		.4byte	.LASF47
 850 0297 01       		.byte	0x1
 851 0298 12       		.byte	0x12
 852 0299 AD020000 		.4byte	0x2ad
 853 029d 01       		.uleb128 0x1
 854 029e 50       		.byte	0x50
 855 029f 11       		.uleb128 0x11
 856 02a0 6900     		.ascii	"i\000"
 857 02a2 01       		.byte	0x1
 858 02a3 13       		.byte	0x13
 859 02a4 EF000000 		.4byte	0xef
 860 02a8 2C000000 		.4byte	.LLST1
 861 02ac 00       		.byte	0
 862 02ad 0F       		.uleb128 0xf
 863 02ae 04       		.byte	0x4
 864 02af 0C020000 		.4byte	0x20c
 865 02b3 0A       		.uleb128 0xa
 866 02b4 0C000000 		.4byte	.LASF48
 867 02b8 01       		.byte	0x1
 868 02b9 23       		.byte	0x23
 869 02ba 00000000 		.4byte	.LFB36
 870 02be 60000000 		.4byte	.LFE36-.LFB36
 871 02c2 01       		.uleb128 0x1
 872 02c3 9C       		.byte	0x9c
 873 02c4 40030000 		.4byte	0x340
 874 02c8 0B       		.uleb128 0xb
 875 02c9 FD020000 		.4byte	.LASF49
 876 02cd 01       		.byte	0x1
 877 02ce 23       		.byte	0x23
 878 02cf AD020000 		.4byte	0x2ad
 879 02d3 56000000 		.4byte	.LLST2
 880 02d7 12       		.uleb128 0x12
 881 02d8 79030000 		.4byte	.LASF50
 882 02dc 01       		.byte	0x1
 883 02dd 24       		.byte	0x24
 884 02de 40030000 		.4byte	0x340
ARM GAS  C:\Users\EmilR\AppData\Local\Temp\ccbtngxr.s 			page 19


 885 02e2 12       		.uleb128 0x12
 886 02e3 8A030000 		.4byte	.LASF51
 887 02e7 01       		.byte	0x1
 888 02e8 25       		.byte	0x25
 889 02e9 40030000 		.4byte	0x340
 890 02ed 13       		.uleb128 0x13
 891 02ee 2A000000 		.4byte	.LASF52
 892 02f2 01       		.byte	0x1
 893 02f3 26       		.byte	0x26
 894 02f4 50030000 		.4byte	0x350
 895 02f8 02       		.uleb128 0x2
 896 02f9 91       		.byte	0x91
 897 02fa 64       		.sleb128 -28
 898 02fb 11       		.uleb128 0x11
 899 02fc 6900     		.ascii	"i\000"
 900 02fe 01       		.byte	0x1
 901 02ff 29       		.byte	0x29
 902 0300 AD000000 		.4byte	0xad
 903 0304 82000000 		.4byte	.LLST3
 904 0308 0C       		.uleb128 0xc
 905 0309 12000000 		.4byte	.LVL14
 906 030d 6F050000 		.4byte	0x56f
 907 0311 1C030000 		.4byte	0x31c
 908 0315 0D       		.uleb128 0xd
 909 0316 01       		.uleb128 0x1
 910 0317 50       		.byte	0x50
 911 0318 02       		.uleb128 0x2
 912 0319 08       		.byte	0x8
 913 031a 3B       		.byte	0x3b
 914 031b 00       		.byte	0
 915 031c 0C       		.uleb128 0xc
 916 031d 1A000000 		.4byte	.LVL15
 917 0321 6F050000 		.4byte	0x56f
 918 0325 30030000 		.4byte	0x330
 919 0329 0D       		.uleb128 0xd
 920 032a 01       		.uleb128 0x1
 921 032b 50       		.byte	0x50
 922 032c 02       		.uleb128 0x2
 923 032d 08       		.byte	0x8
 924 032e 3C       		.byte	0x3c
 925 032f 00       		.byte	0
 926 0330 0E       		.uleb128 0xe
 927 0331 52000000 		.4byte	.LVL16
 928 0335 84050000 		.4byte	0x584
 929 0339 0D       		.uleb128 0xd
 930 033a 01       		.uleb128 0x1
 931 033b 50       		.byte	0x50
 932 033c 01       		.uleb128 0x1
 933 033d 35       		.byte	0x35
 934 033e 00       		.byte	0
 935 033f 00       		.byte	0
 936 0340 08       		.uleb128 0x8
 937 0341 AD000000 		.4byte	0xad
 938 0345 50030000 		.4byte	0x350
 939 0349 09       		.uleb128 0x9
 940 034a 28010000 		.4byte	0x128
 941 034e 01       		.byte	0x1
ARM GAS  C:\Users\EmilR\AppData\Local\Temp\ccbtngxr.s 			page 20


 942 034f 00       		.byte	0
 943 0350 08       		.uleb128 0x8
 944 0351 C3000000 		.4byte	0xc3
 945 0355 60030000 		.4byte	0x360
 946 0359 09       		.uleb128 0x9
 947 035a 28010000 		.4byte	0x128
 948 035e 01       		.byte	0x1
 949 035f 00       		.byte	0
 950 0360 0A       		.uleb128 0xa
 951 0361 C1000000 		.4byte	.LASF53
 952 0365 01       		.byte	0x1
 953 0366 3B       		.byte	0x3b
 954 0367 00000000 		.4byte	.LFB37
 955 036b 34000000 		.4byte	.LFE37-.LFB37
 956 036f 01       		.uleb128 0x1
 957 0370 9C       		.byte	0x9c
 958 0371 83030000 		.4byte	0x383
 959 0375 10       		.uleb128 0x10
 960 0376 FD020000 		.4byte	.LASF49
 961 037a 01       		.byte	0x1
 962 037b 3B       		.byte	0x3b
 963 037c AD020000 		.4byte	0x2ad
 964 0380 01       		.uleb128 0x1
 965 0381 50       		.byte	0x50
 966 0382 00       		.byte	0
 967 0383 0A       		.uleb128 0xa
 968 0384 00000000 		.4byte	.LASF54
 969 0388 01       		.byte	0x1
 970 0389 45       		.byte	0x45
 971 038a 00000000 		.4byte	.LFB38
 972 038e 30000000 		.4byte	.LFE38-.LFB38
 973 0392 01       		.uleb128 0x1
 974 0393 9C       		.byte	0x9c
 975 0394 A6030000 		.4byte	0x3a6
 976 0398 10       		.uleb128 0x10
 977 0399 FD020000 		.4byte	.LASF49
 978 039d 01       		.byte	0x1
 979 039e 45       		.byte	0x45
 980 039f AD020000 		.4byte	0x2ad
 981 03a3 01       		.uleb128 0x1
 982 03a4 50       		.byte	0x50
 983 03a5 00       		.byte	0
 984 03a6 14       		.uleb128 0x14
 985 03a7 C2020000 		.4byte	.LASF55
 986 03ab 01       		.byte	0x1
 987 03ac 4F       		.byte	0x4f
 988 03ad 00000000 		.4byte	.LFB39
 989 03b1 FE000000 		.4byte	.LFE39-.LFB39
 990 03b5 01       		.uleb128 0x1
 991 03b6 9C       		.byte	0x9c
 992 03b7 25050000 		.4byte	0x525
 993 03bb 0B       		.uleb128 0xb
 994 03bc BC010000 		.4byte	.LASF56
 995 03c0 01       		.byte	0x1
 996 03c1 4F       		.byte	0x4f
 997 03c2 77020000 		.4byte	0x277
 998 03c6 B7000000 		.4byte	.LLST4
ARM GAS  C:\Users\EmilR\AppData\Local\Temp\ccbtngxr.s 			page 21


 999 03ca 0B       		.uleb128 0xb
 1000 03cb FD020000 		.4byte	.LASF49
 1001 03cf 01       		.byte	0x1
 1002 03d0 4F       		.byte	0x4f
 1003 03d1 AD020000 		.4byte	0x2ad
 1004 03d5 E3000000 		.4byte	.LLST5
 1005 03d9 13       		.uleb128 0x13
 1006 03da 84030000 		.4byte	.LASF57
 1007 03de 01       		.byte	0x1
 1008 03df 50       		.byte	0x50
 1009 03e0 25050000 		.4byte	0x525
 1010 03e4 02       		.uleb128 0x2
 1011 03e5 91       		.byte	0x91
 1012 03e6 5C       		.sleb128 -36
 1013 03e7 13       		.uleb128 0x13
 1014 03e8 D3020000 		.4byte	.LASF58
 1015 03ec 01       		.byte	0x1
 1016 03ed 51       		.byte	0x51
 1017 03ee 35050000 		.4byte	0x535
 1018 03f2 02       		.uleb128 0x2
 1019 03f3 91       		.byte	0x91
 1020 03f4 54       		.sleb128 -44
 1021 03f5 12       		.uleb128 0x12
 1022 03f6 5C030000 		.4byte	.LASF59
 1023 03fa 01       		.byte	0x1
 1024 03fb 52       		.byte	0x52
 1025 03fc 45050000 		.4byte	0x545
 1026 0400 15       		.uleb128 0x15
 1027 0401 03010000 		.4byte	.LASF60
 1028 0405 01       		.byte	0x1
 1029 0406 53       		.byte	0x53
 1030 0407 CE000000 		.4byte	0xce
 1031 040b 0C010000 		.4byte	.LLST6
 1032 040f 11       		.uleb128 0x11
 1033 0410 6900     		.ascii	"i\000"
 1034 0412 01       		.byte	0x1
 1035 0413 54       		.byte	0x54
 1036 0414 B8000000 		.4byte	0xb8
 1037 0418 1F010000 		.4byte	.LLST7
 1038 041c 11       		.uleb128 0x11
 1039 041d 6A00     		.ascii	"j\000"
 1040 041f 01       		.byte	0x1
 1041 0420 54       		.byte	0x54
 1042 0421 B8000000 		.4byte	0xb8
 1043 0425 49010000 		.4byte	.LLST8
 1044 0429 15       		.uleb128 0x15
 1045 042a 8C000000 		.4byte	.LASF61
 1046 042e 01       		.byte	0x1
 1047 042f 55       		.byte	0x55
 1048 0430 CE000000 		.4byte	0xce
 1049 0434 73010000 		.4byte	.LLST9
 1050 0438 0C       		.uleb128 0xc
 1051 0439 2A000000 		.4byte	.LVL27
 1052 043d 55050000 		.4byte	0x555
 1053 0441 50040000 		.4byte	0x450
 1054 0445 0D       		.uleb128 0xd
 1055 0446 01       		.uleb128 0x1
ARM GAS  C:\Users\EmilR\AppData\Local\Temp\ccbtngxr.s 			page 22


 1056 0447 51       		.byte	0x51
 1057 0448 01       		.uleb128 0x1
 1058 0449 31       		.byte	0x31
 1059 044a 0D       		.uleb128 0xd
 1060 044b 01       		.uleb128 0x1
 1061 044c 50       		.byte	0x50
 1062 044d 01       		.uleb128 0x1
 1063 044e 4A       		.byte	0x4a
 1064 044f 00       		.byte	0
 1065 0450 0C       		.uleb128 0xc
 1066 0451 32000000 		.4byte	.LVL28
 1067 0455 55050000 		.4byte	0x555
 1068 0459 6B040000 		.4byte	0x46b
 1069 045d 0D       		.uleb128 0xd
 1070 045e 01       		.uleb128 0x1
 1071 045f 51       		.byte	0x51
 1072 0460 04       		.uleb128 0x4
 1073 0461 91       		.byte	0x91
 1074 0462 5C       		.sleb128 -36
 1075 0463 94       		.byte	0x94
 1076 0464 01       		.byte	0x1
 1077 0465 0D       		.uleb128 0xd
 1078 0466 01       		.uleb128 0x1
 1079 0467 50       		.byte	0x50
 1080 0468 01       		.uleb128 0x1
 1081 0469 49       		.byte	0x49
 1082 046a 00       		.byte	0
 1083 046b 0C       		.uleb128 0xc
 1084 046c 3A000000 		.4byte	.LVL29
 1085 0470 55050000 		.4byte	0x555
 1086 0474 7E040000 		.4byte	0x47e
 1087 0478 0D       		.uleb128 0xd
 1088 0479 01       		.uleb128 0x1
 1089 047a 50       		.byte	0x50
 1090 047b 01       		.uleb128 0x1
 1091 047c 4C       		.byte	0x4c
 1092 047d 00       		.byte	0
 1093 047e 0C       		.uleb128 0xc
 1094 047f 42000000 		.4byte	.LVL30
 1095 0483 55050000 		.4byte	0x555
 1096 0487 98040000 		.4byte	0x498
 1097 048b 0D       		.uleb128 0xd
 1098 048c 01       		.uleb128 0x1
 1099 048d 51       		.byte	0x51
 1100 048e 02       		.uleb128 0x2
 1101 048f 08       		.byte	0x8
 1102 0490 40       		.byte	0x40
 1103 0491 0D       		.uleb128 0xd
 1104 0492 01       		.uleb128 0x1
 1105 0493 50       		.byte	0x50
 1106 0494 02       		.uleb128 0x2
 1107 0495 08       		.byte	0x8
 1108 0496 6A       		.byte	0x6a
 1109 0497 00       		.byte	0
 1110 0498 0C       		.uleb128 0xc
 1111 0499 4A000000 		.4byte	.LVL31
 1112 049d 55050000 		.4byte	0x555
ARM GAS  C:\Users\EmilR\AppData\Local\Temp\ccbtngxr.s 			page 23


 1113 04a1 B1040000 		.4byte	0x4b1
 1114 04a5 0D       		.uleb128 0xd
 1115 04a6 01       		.uleb128 0x1
 1116 04a7 51       		.byte	0x51
 1117 04a8 01       		.uleb128 0x1
 1118 04a9 38       		.byte	0x38
 1119 04aa 0D       		.uleb128 0xd
 1120 04ab 01       		.uleb128 0x1
 1121 04ac 50       		.byte	0x50
 1122 04ad 02       		.uleb128 0x2
 1123 04ae 08       		.byte	0x8
 1124 04af 23       		.byte	0x23
 1125 04b0 00       		.byte	0
 1126 04b1 0C       		.uleb128 0xc
 1127 04b2 50000000 		.4byte	.LVL32
 1128 04b6 84050000 		.4byte	0x584
 1129 04ba C5040000 		.4byte	0x4c5
 1130 04be 0D       		.uleb128 0xd
 1131 04bf 01       		.uleb128 0x1
 1132 04c0 50       		.byte	0x50
 1133 04c1 02       		.uleb128 0x2
 1134 04c2 08       		.byte	0x8
 1135 04c3 50       		.byte	0x50
 1136 04c4 00       		.byte	0
 1137 04c5 0C       		.uleb128 0xc
 1138 04c6 58000000 		.4byte	.LVL33
 1139 04ca 55050000 		.4byte	0x555
 1140 04ce E1040000 		.4byte	0x4e1
 1141 04d2 0D       		.uleb128 0xd
 1142 04d3 01       		.uleb128 0x1
 1143 04d4 51       		.byte	0x51
 1144 04d5 04       		.uleb128 0x4
 1145 04d6 91       		.byte	0x91
 1146 04d7 5C       		.sleb128 -36
 1147 04d8 94       		.byte	0x94
 1148 04d9 01       		.byte	0x1
 1149 04da 0D       		.uleb128 0xd
 1150 04db 01       		.uleb128 0x1
 1151 04dc 50       		.byte	0x50
 1152 04dd 02       		.uleb128 0x2
 1153 04de 08       		.byte	0x8
 1154 04df 23       		.byte	0x23
 1155 04e0 00       		.byte	0
 1156 04e1 0C       		.uleb128 0xc
 1157 04e2 5E000000 		.4byte	.LVL34
 1158 04e6 6F050000 		.4byte	0x56f
 1159 04ea F5040000 		.4byte	0x4f5
 1160 04ee 0D       		.uleb128 0xd
 1161 04ef 01       		.uleb128 0x1
 1162 04f0 50       		.byte	0x50
 1163 04f1 02       		.uleb128 0x2
 1164 04f2 08       		.byte	0x8
 1165 04f3 72       		.byte	0x72
 1166 04f4 00       		.byte	0
 1167 04f5 0C       		.uleb128 0xc
 1168 04f6 66000000 		.4byte	.LVL36
 1169 04fa 6F050000 		.4byte	0x56f
ARM GAS  C:\Users\EmilR\AppData\Local\Temp\ccbtngxr.s 			page 24


 1170 04fe 09050000 		.4byte	0x509
 1171 0502 0D       		.uleb128 0xd
 1172 0503 01       		.uleb128 0x1
 1173 0504 50       		.byte	0x50
 1174 0505 02       		.uleb128 0x2
 1175 0506 08       		.byte	0x8
 1176 0507 73       		.byte	0x73
 1177 0508 00       		.byte	0
 1178 0509 0E       		.uleb128 0xe
 1179 050a 84000000 		.4byte	.LVL41
 1180 050e 95050000 		.4byte	0x595
 1181 0512 0D       		.uleb128 0xd
 1182 0513 01       		.uleb128 0x1
 1183 0514 52       		.byte	0x52
 1184 0515 02       		.uleb128 0x2
 1185 0516 74       		.byte	0x74
 1186 0517 00       		.sleb128 0
 1187 0518 0D       		.uleb128 0xd
 1188 0519 01       		.uleb128 0x1
 1189 051a 51       		.byte	0x51
 1190 051b 02       		.uleb128 0x2
 1191 051c 08       		.byte	0x8
 1192 051d 74       		.byte	0x74
 1193 051e 0D       		.uleb128 0xd
 1194 051f 01       		.uleb128 0x1
 1195 0520 50       		.byte	0x50
 1196 0521 01       		.uleb128 0x1
 1197 0522 36       		.byte	0x36
 1198 0523 00       		.byte	0
 1199 0524 00       		.byte	0
 1200 0525 08       		.uleb128 0x8
 1201 0526 D9000000 		.4byte	0xd9
 1202 052a 35050000 		.4byte	0x535
 1203 052e 09       		.uleb128 0x9
 1204 052f 28010000 		.4byte	0x128
 1205 0533 02       		.byte	0x2
 1206 0534 00       		.byte	0
 1207 0535 08       		.uleb128 0x8
 1208 0536 AD000000 		.4byte	0xad
 1209 053a 45050000 		.4byte	0x545
 1210 053e 09       		.uleb128 0x9
 1211 053f 28010000 		.4byte	0x128
 1212 0543 05       		.byte	0x5
 1213 0544 00       		.byte	0
 1214 0545 08       		.uleb128 0x8
 1215 0546 C3000000 		.4byte	0xc3
 1216 054a 55050000 		.4byte	0x555
 1217 054e 09       		.uleb128 0x9
 1218 054f 28010000 		.4byte	0x128
 1219 0553 02       		.byte	0x2
 1220 0554 00       		.byte	0
 1221 0555 16       		.uleb128 0x16
 1222 0556 0E010000 		.4byte	.LASF62
 1223 055a 06       		.byte	0x6
 1224 055b 1C       		.byte	0x1c
 1225 055c E4000000 		.4byte	0xe4
 1226 0560 6F050000 		.4byte	0x56f
ARM GAS  C:\Users\EmilR\AppData\Local\Temp\ccbtngxr.s 			page 25


 1227 0564 17       		.uleb128 0x17
 1228 0565 B8000000 		.4byte	0xb8
 1229 0569 17       		.uleb128 0x17
 1230 056a B8000000 		.4byte	0xb8
 1231 056e 00       		.byte	0
 1232 056f 16       		.uleb128 0x16
 1233 0570 8D020000 		.4byte	.LASF63
 1234 0574 06       		.byte	0x6
 1235 0575 1D       		.byte	0x1d
 1236 0576 D9000000 		.4byte	0xd9
 1237 057a 84050000 		.4byte	0x584
 1238 057e 17       		.uleb128 0x17
 1239 057f B8000000 		.4byte	0xb8
 1240 0583 00       		.byte	0
 1241 0584 18       		.uleb128 0x18
 1242 0585 95030000 		.4byte	.LASF64
 1243 0589 07       		.byte	0x7
 1244 058a D7       		.byte	0xd7
 1245 058b 95050000 		.4byte	0x595
 1246 058f 17       		.uleb128 0x17
 1247 0590 FB000000 		.4byte	0xfb
 1248 0594 00       		.byte	0
 1249 0595 18       		.uleb128 0x18
 1250 0596 78020000 		.4byte	.LASF65
 1251 059a 06       		.byte	0x6
 1252 059b 16       		.byte	0x16
 1253 059c B0050000 		.4byte	0x5b0
 1254 05a0 17       		.uleb128 0x17
 1255 05a1 B8000000 		.4byte	0xb8
 1256 05a5 17       		.uleb128 0x17
 1257 05a6 B8000000 		.4byte	0xb8
 1258 05aa 17       		.uleb128 0x17
 1259 05ab B0050000 		.4byte	0x5b0
 1260 05af 00       		.byte	0
 1261 05b0 0F       		.uleb128 0xf
 1262 05b1 04       		.byte	0x4
 1263 05b2 AD000000 		.4byte	0xad
 1264 05b6 00       		.byte	0
 1265              		.section	.debug_abbrev,"",%progbits
 1266              	.Ldebug_abbrev0:
 1267 0000 01       		.uleb128 0x1
 1268 0001 11       		.uleb128 0x11
 1269 0002 01       		.byte	0x1
 1270 0003 25       		.uleb128 0x25
 1271 0004 0E       		.uleb128 0xe
 1272 0005 13       		.uleb128 0x13
 1273 0006 0B       		.uleb128 0xb
 1274 0007 03       		.uleb128 0x3
 1275 0008 0E       		.uleb128 0xe
 1276 0009 1B       		.uleb128 0x1b
 1277 000a 0E       		.uleb128 0xe
 1278 000b 55       		.uleb128 0x55
 1279 000c 17       		.uleb128 0x17
 1280 000d 11       		.uleb128 0x11
 1281 000e 01       		.uleb128 0x1
 1282 000f 10       		.uleb128 0x10
 1283 0010 17       		.uleb128 0x17
ARM GAS  C:\Users\EmilR\AppData\Local\Temp\ccbtngxr.s 			page 26


 1284 0011 00       		.byte	0
 1285 0012 00       		.byte	0
 1286 0013 02       		.uleb128 0x2
 1287 0014 16       		.uleb128 0x16
 1288 0015 00       		.byte	0
 1289 0016 03       		.uleb128 0x3
 1290 0017 0E       		.uleb128 0xe
 1291 0018 3A       		.uleb128 0x3a
 1292 0019 0B       		.uleb128 0xb
 1293 001a 3B       		.uleb128 0x3b
 1294 001b 0B       		.uleb128 0xb
 1295 001c 49       		.uleb128 0x49
 1296 001d 13       		.uleb128 0x13
 1297 001e 00       		.byte	0
 1298 001f 00       		.byte	0
 1299 0020 03       		.uleb128 0x3
 1300 0021 24       		.uleb128 0x24
 1301 0022 00       		.byte	0
 1302 0023 0B       		.uleb128 0xb
 1303 0024 0B       		.uleb128 0xb
 1304 0025 3E       		.uleb128 0x3e
 1305 0026 0B       		.uleb128 0xb
 1306 0027 03       		.uleb128 0x3
 1307 0028 0E       		.uleb128 0xe
 1308 0029 00       		.byte	0
 1309 002a 00       		.byte	0
 1310 002b 04       		.uleb128 0x4
 1311 002c 24       		.uleb128 0x24
 1312 002d 00       		.byte	0
 1313 002e 0B       		.uleb128 0xb
 1314 002f 0B       		.uleb128 0xb
 1315 0030 3E       		.uleb128 0x3e
 1316 0031 0B       		.uleb128 0xb
 1317 0032 03       		.uleb128 0x3
 1318 0033 08       		.uleb128 0x8
 1319 0034 00       		.byte	0
 1320 0035 00       		.byte	0
 1321 0036 05       		.uleb128 0x5
 1322 0037 16       		.uleb128 0x16
 1323 0038 00       		.byte	0
 1324 0039 03       		.uleb128 0x3
 1325 003a 0E       		.uleb128 0xe
 1326 003b 3A       		.uleb128 0x3a
 1327 003c 0B       		.uleb128 0xb
 1328 003d 3B       		.uleb128 0x3b
 1329 003e 05       		.uleb128 0x5
 1330 003f 49       		.uleb128 0x49
 1331 0040 13       		.uleb128 0x13
 1332 0041 00       		.byte	0
 1333 0042 00       		.byte	0
 1334 0043 06       		.uleb128 0x6
 1335 0044 13       		.uleb128 0x13
 1336 0045 01       		.byte	0x1
 1337 0046 03       		.uleb128 0x3
 1338 0047 0E       		.uleb128 0xe
 1339 0048 0B       		.uleb128 0xb
 1340 0049 0B       		.uleb128 0xb
ARM GAS  C:\Users\EmilR\AppData\Local\Temp\ccbtngxr.s 			page 27


 1341 004a 3A       		.uleb128 0x3a
 1342 004b 0B       		.uleb128 0xb
 1343 004c 3B       		.uleb128 0x3b
 1344 004d 0B       		.uleb128 0xb
 1345 004e 01       		.uleb128 0x1
 1346 004f 13       		.uleb128 0x13
 1347 0050 00       		.byte	0
 1348 0051 00       		.byte	0
 1349 0052 07       		.uleb128 0x7
 1350 0053 0D       		.uleb128 0xd
 1351 0054 00       		.byte	0
 1352 0055 03       		.uleb128 0x3
 1353 0056 0E       		.uleb128 0xe
 1354 0057 3A       		.uleb128 0x3a
 1355 0058 0B       		.uleb128 0xb
 1356 0059 3B       		.uleb128 0x3b
 1357 005a 0B       		.uleb128 0xb
 1358 005b 49       		.uleb128 0x49
 1359 005c 13       		.uleb128 0x13
 1360 005d 38       		.uleb128 0x38
 1361 005e 0B       		.uleb128 0xb
 1362 005f 00       		.byte	0
 1363 0060 00       		.byte	0
 1364 0061 08       		.uleb128 0x8
 1365 0062 01       		.uleb128 0x1
 1366 0063 01       		.byte	0x1
 1367 0064 49       		.uleb128 0x49
 1368 0065 13       		.uleb128 0x13
 1369 0066 01       		.uleb128 0x1
 1370 0067 13       		.uleb128 0x13
 1371 0068 00       		.byte	0
 1372 0069 00       		.byte	0
 1373 006a 09       		.uleb128 0x9
 1374 006b 21       		.uleb128 0x21
 1375 006c 00       		.byte	0
 1376 006d 49       		.uleb128 0x49
 1377 006e 13       		.uleb128 0x13
 1378 006f 2F       		.uleb128 0x2f
 1379 0070 0B       		.uleb128 0xb
 1380 0071 00       		.byte	0
 1381 0072 00       		.byte	0
 1382 0073 0A       		.uleb128 0xa
 1383 0074 2E       		.uleb128 0x2e
 1384 0075 01       		.byte	0x1
 1385 0076 3F       		.uleb128 0x3f
 1386 0077 19       		.uleb128 0x19
 1387 0078 03       		.uleb128 0x3
 1388 0079 0E       		.uleb128 0xe
 1389 007a 3A       		.uleb128 0x3a
 1390 007b 0B       		.uleb128 0xb
 1391 007c 3B       		.uleb128 0x3b
 1392 007d 0B       		.uleb128 0xb
 1393 007e 27       		.uleb128 0x27
 1394 007f 19       		.uleb128 0x19
 1395 0080 11       		.uleb128 0x11
 1396 0081 01       		.uleb128 0x1
 1397 0082 12       		.uleb128 0x12
ARM GAS  C:\Users\EmilR\AppData\Local\Temp\ccbtngxr.s 			page 28


 1398 0083 06       		.uleb128 0x6
 1399 0084 40       		.uleb128 0x40
 1400 0085 18       		.uleb128 0x18
 1401 0086 9742     		.uleb128 0x2117
 1402 0088 19       		.uleb128 0x19
 1403 0089 01       		.uleb128 0x1
 1404 008a 13       		.uleb128 0x13
 1405 008b 00       		.byte	0
 1406 008c 00       		.byte	0
 1407 008d 0B       		.uleb128 0xb
 1408 008e 05       		.uleb128 0x5
 1409 008f 00       		.byte	0
 1410 0090 03       		.uleb128 0x3
 1411 0091 0E       		.uleb128 0xe
 1412 0092 3A       		.uleb128 0x3a
 1413 0093 0B       		.uleb128 0xb
 1414 0094 3B       		.uleb128 0x3b
 1415 0095 0B       		.uleb128 0xb
 1416 0096 49       		.uleb128 0x49
 1417 0097 13       		.uleb128 0x13
 1418 0098 02       		.uleb128 0x2
 1419 0099 17       		.uleb128 0x17
 1420 009a 00       		.byte	0
 1421 009b 00       		.byte	0
 1422 009c 0C       		.uleb128 0xc
 1423 009d 898201   		.uleb128 0x4109
 1424 00a0 01       		.byte	0x1
 1425 00a1 11       		.uleb128 0x11
 1426 00a2 01       		.uleb128 0x1
 1427 00a3 31       		.uleb128 0x31
 1428 00a4 13       		.uleb128 0x13
 1429 00a5 01       		.uleb128 0x1
 1430 00a6 13       		.uleb128 0x13
 1431 00a7 00       		.byte	0
 1432 00a8 00       		.byte	0
 1433 00a9 0D       		.uleb128 0xd
 1434 00aa 8A8201   		.uleb128 0x410a
 1435 00ad 00       		.byte	0
 1436 00ae 02       		.uleb128 0x2
 1437 00af 18       		.uleb128 0x18
 1438 00b0 9142     		.uleb128 0x2111
 1439 00b2 18       		.uleb128 0x18
 1440 00b3 00       		.byte	0
 1441 00b4 00       		.byte	0
 1442 00b5 0E       		.uleb128 0xe
 1443 00b6 898201   		.uleb128 0x4109
 1444 00b9 01       		.byte	0x1
 1445 00ba 11       		.uleb128 0x11
 1446 00bb 01       		.uleb128 0x1
 1447 00bc 31       		.uleb128 0x31
 1448 00bd 13       		.uleb128 0x13
 1449 00be 00       		.byte	0
 1450 00bf 00       		.byte	0
 1451 00c0 0F       		.uleb128 0xf
 1452 00c1 0F       		.uleb128 0xf
 1453 00c2 00       		.byte	0
 1454 00c3 0B       		.uleb128 0xb
ARM GAS  C:\Users\EmilR\AppData\Local\Temp\ccbtngxr.s 			page 29


 1455 00c4 0B       		.uleb128 0xb
 1456 00c5 49       		.uleb128 0x49
 1457 00c6 13       		.uleb128 0x13
 1458 00c7 00       		.byte	0
 1459 00c8 00       		.byte	0
 1460 00c9 10       		.uleb128 0x10
 1461 00ca 05       		.uleb128 0x5
 1462 00cb 00       		.byte	0
 1463 00cc 03       		.uleb128 0x3
 1464 00cd 0E       		.uleb128 0xe
 1465 00ce 3A       		.uleb128 0x3a
 1466 00cf 0B       		.uleb128 0xb
 1467 00d0 3B       		.uleb128 0x3b
 1468 00d1 0B       		.uleb128 0xb
 1469 00d2 49       		.uleb128 0x49
 1470 00d3 13       		.uleb128 0x13
 1471 00d4 02       		.uleb128 0x2
 1472 00d5 18       		.uleb128 0x18
 1473 00d6 00       		.byte	0
 1474 00d7 00       		.byte	0
 1475 00d8 11       		.uleb128 0x11
 1476 00d9 34       		.uleb128 0x34
 1477 00da 00       		.byte	0
 1478 00db 03       		.uleb128 0x3
 1479 00dc 08       		.uleb128 0x8
 1480 00dd 3A       		.uleb128 0x3a
 1481 00de 0B       		.uleb128 0xb
 1482 00df 3B       		.uleb128 0x3b
 1483 00e0 0B       		.uleb128 0xb
 1484 00e1 49       		.uleb128 0x49
 1485 00e2 13       		.uleb128 0x13
 1486 00e3 02       		.uleb128 0x2
 1487 00e4 17       		.uleb128 0x17
 1488 00e5 00       		.byte	0
 1489 00e6 00       		.byte	0
 1490 00e7 12       		.uleb128 0x12
 1491 00e8 34       		.uleb128 0x34
 1492 00e9 00       		.byte	0
 1493 00ea 03       		.uleb128 0x3
 1494 00eb 0E       		.uleb128 0xe
 1495 00ec 3A       		.uleb128 0x3a
 1496 00ed 0B       		.uleb128 0xb
 1497 00ee 3B       		.uleb128 0x3b
 1498 00ef 0B       		.uleb128 0xb
 1499 00f0 49       		.uleb128 0x49
 1500 00f1 13       		.uleb128 0x13
 1501 00f2 00       		.byte	0
 1502 00f3 00       		.byte	0
 1503 00f4 13       		.uleb128 0x13
 1504 00f5 34       		.uleb128 0x34
 1505 00f6 00       		.byte	0
 1506 00f7 03       		.uleb128 0x3
 1507 00f8 0E       		.uleb128 0xe
 1508 00f9 3A       		.uleb128 0x3a
 1509 00fa 0B       		.uleb128 0xb
 1510 00fb 3B       		.uleb128 0x3b
 1511 00fc 0B       		.uleb128 0xb
ARM GAS  C:\Users\EmilR\AppData\Local\Temp\ccbtngxr.s 			page 30


 1512 00fd 49       		.uleb128 0x49
 1513 00fe 13       		.uleb128 0x13
 1514 00ff 02       		.uleb128 0x2
 1515 0100 18       		.uleb128 0x18
 1516 0101 00       		.byte	0
 1517 0102 00       		.byte	0
 1518 0103 14       		.uleb128 0x14
 1519 0104 2E       		.uleb128 0x2e
 1520 0105 01       		.byte	0x1
 1521 0106 3F       		.uleb128 0x3f
 1522 0107 19       		.uleb128 0x19
 1523 0108 03       		.uleb128 0x3
 1524 0109 0E       		.uleb128 0xe
 1525 010a 3A       		.uleb128 0x3a
 1526 010b 0B       		.uleb128 0xb
 1527 010c 3B       		.uleb128 0x3b
 1528 010d 0B       		.uleb128 0xb
 1529 010e 27       		.uleb128 0x27
 1530 010f 19       		.uleb128 0x19
 1531 0110 11       		.uleb128 0x11
 1532 0111 01       		.uleb128 0x1
 1533 0112 12       		.uleb128 0x12
 1534 0113 06       		.uleb128 0x6
 1535 0114 40       		.uleb128 0x40
 1536 0115 18       		.uleb128 0x18
 1537 0116 9642     		.uleb128 0x2116
 1538 0118 19       		.uleb128 0x19
 1539 0119 01       		.uleb128 0x1
 1540 011a 13       		.uleb128 0x13
 1541 011b 00       		.byte	0
 1542 011c 00       		.byte	0
 1543 011d 15       		.uleb128 0x15
 1544 011e 34       		.uleb128 0x34
 1545 011f 00       		.byte	0
 1546 0120 03       		.uleb128 0x3
 1547 0121 0E       		.uleb128 0xe
 1548 0122 3A       		.uleb128 0x3a
 1549 0123 0B       		.uleb128 0xb
 1550 0124 3B       		.uleb128 0x3b
 1551 0125 0B       		.uleb128 0xb
 1552 0126 49       		.uleb128 0x49
 1553 0127 13       		.uleb128 0x13
 1554 0128 02       		.uleb128 0x2
 1555 0129 17       		.uleb128 0x17
 1556 012a 00       		.byte	0
 1557 012b 00       		.byte	0
 1558 012c 16       		.uleb128 0x16
 1559 012d 2E       		.uleb128 0x2e
 1560 012e 01       		.byte	0x1
 1561 012f 3F       		.uleb128 0x3f
 1562 0130 19       		.uleb128 0x19
 1563 0131 03       		.uleb128 0x3
 1564 0132 0E       		.uleb128 0xe
 1565 0133 3A       		.uleb128 0x3a
 1566 0134 0B       		.uleb128 0xb
 1567 0135 3B       		.uleb128 0x3b
 1568 0136 0B       		.uleb128 0xb
ARM GAS  C:\Users\EmilR\AppData\Local\Temp\ccbtngxr.s 			page 31


 1569 0137 27       		.uleb128 0x27
 1570 0138 19       		.uleb128 0x19
 1571 0139 49       		.uleb128 0x49
 1572 013a 13       		.uleb128 0x13
 1573 013b 3C       		.uleb128 0x3c
 1574 013c 19       		.uleb128 0x19
 1575 013d 01       		.uleb128 0x1
 1576 013e 13       		.uleb128 0x13
 1577 013f 00       		.byte	0
 1578 0140 00       		.byte	0
 1579 0141 17       		.uleb128 0x17
 1580 0142 05       		.uleb128 0x5
 1581 0143 00       		.byte	0
 1582 0144 49       		.uleb128 0x49
 1583 0145 13       		.uleb128 0x13
 1584 0146 00       		.byte	0
 1585 0147 00       		.byte	0
 1586 0148 18       		.uleb128 0x18
 1587 0149 2E       		.uleb128 0x2e
 1588 014a 01       		.byte	0x1
 1589 014b 3F       		.uleb128 0x3f
 1590 014c 19       		.uleb128 0x19
 1591 014d 03       		.uleb128 0x3
 1592 014e 0E       		.uleb128 0xe
 1593 014f 3A       		.uleb128 0x3a
 1594 0150 0B       		.uleb128 0xb
 1595 0151 3B       		.uleb128 0x3b
 1596 0152 0B       		.uleb128 0xb
 1597 0153 27       		.uleb128 0x27
 1598 0154 19       		.uleb128 0x19
 1599 0155 3C       		.uleb128 0x3c
 1600 0156 19       		.uleb128 0x19
 1601 0157 01       		.uleb128 0x1
 1602 0158 13       		.uleb128 0x13
 1603 0159 00       		.byte	0
 1604 015a 00       		.byte	0
 1605 015b 00       		.byte	0
 1606              		.section	.debug_loc,"",%progbits
 1607              	.Ldebug_loc0:
 1608              	.LLST0:
 1609 0000 00000000 		.4byte	.LVL0
 1610 0004 14000000 		.4byte	.LVL1
 1611 0008 0100     		.2byte	0x1
 1612 000a 50       		.byte	0x50
 1613 000b 14000000 		.4byte	.LVL1
 1614 000f 2A000000 		.4byte	.LVL5
 1615 0013 0100     		.2byte	0x1
 1616 0015 54       		.byte	0x54
 1617 0016 2A000000 		.4byte	.LVL5
 1618 001a 2C000000 		.4byte	.LFE34
 1619 001e 0400     		.2byte	0x4
 1620 0020 F3       		.byte	0xf3
 1621 0021 01       		.uleb128 0x1
 1622 0022 50       		.byte	0x50
 1623 0023 9F       		.byte	0x9f
 1624 0024 00000000 		.4byte	0
 1625 0028 00000000 		.4byte	0
ARM GAS  C:\Users\EmilR\AppData\Local\Temp\ccbtngxr.s 			page 32


 1626              	.LLST1:
 1627 002c 00000000 		.4byte	.LVL6
 1628 0030 04000000 		.4byte	.LVL7
 1629 0034 0200     		.2byte	0x2
 1630 0036 30       		.byte	0x30
 1631 0037 9F       		.byte	0x9f
 1632 0038 04000000 		.4byte	.LVL7
 1633 003c 2E000000 		.4byte	.LVL8
 1634 0040 0100     		.2byte	0x1
 1635 0042 53       		.byte	0x53
 1636 0043 30000000 		.4byte	.LVL9
 1637 0047 36000000 		.4byte	.LVL10
 1638 004b 0100     		.2byte	0x1
 1639 004d 53       		.byte	0x53
 1640 004e 00000000 		.4byte	0
 1641 0052 00000000 		.4byte	0
 1642              	.LLST2:
 1643 0056 00000000 		.4byte	.LVL11
 1644 005a 0A000000 		.4byte	.LVL13
 1645 005e 0100     		.2byte	0x1
 1646 0060 50       		.byte	0x50
 1647 0061 0A000000 		.4byte	.LVL13
 1648 0065 5E000000 		.4byte	.LVL20
 1649 0069 0100     		.2byte	0x1
 1650 006b 57       		.byte	0x57
 1651 006c 5E000000 		.4byte	.LVL20
 1652 0070 60000000 		.4byte	.LFE36
 1653 0074 0400     		.2byte	0x4
 1654 0076 F3       		.byte	0xf3
 1655 0077 01       		.uleb128 0x1
 1656 0078 50       		.byte	0x50
 1657 0079 9F       		.byte	0x9f
 1658 007a 00000000 		.4byte	0
 1659 007e 00000000 		.4byte	0
 1660              	.LLST3:
 1661 0082 06000000 		.4byte	.LVL12
 1662 0086 0A000000 		.4byte	.LVL13
 1663 008a 0200     		.2byte	0x2
 1664 008c 30       		.byte	0x30
 1665 008d 9F       		.byte	0x9f
 1666 008e 0A000000 		.4byte	.LVL13
 1667 0092 54000000 		.4byte	.LVL17
 1668 0096 0100     		.2byte	0x1
 1669 0098 56       		.byte	0x56
 1670 0099 56000000 		.4byte	.LVL18
 1671 009d 5E000000 		.4byte	.LVL19
 1672 00a1 0100     		.2byte	0x1
 1673 00a3 56       		.byte	0x56
 1674 00a4 5E000000 		.4byte	.LVL19
 1675 00a8 60000000 		.4byte	.LFE36
 1676 00ac 0100     		.2byte	0x1
 1677 00ae 53       		.byte	0x53
 1678 00af 00000000 		.4byte	0
 1679 00b3 00000000 		.4byte	0
 1680              	.LLST4:
 1681 00b7 00000000 		.4byte	.LVL23
 1682 00bb 24000000 		.4byte	.LVL25
ARM GAS  C:\Users\EmilR\AppData\Local\Temp\ccbtngxr.s 			page 33


 1683 00bf 0100     		.2byte	0x1
 1684 00c1 50       		.byte	0x50
 1685 00c2 24000000 		.4byte	.LVL25
 1686 00c6 60000000 		.4byte	.LVL35
 1687 00ca 0100     		.2byte	0x1
 1688 00cc 54       		.byte	0x54
 1689 00cd 60000000 		.4byte	.LVL35
 1690 00d1 FE000000 		.4byte	.LFE39
 1691 00d5 0400     		.2byte	0x4
 1692 00d7 F3       		.byte	0xf3
 1693 00d8 01       		.uleb128 0x1
 1694 00d9 50       		.byte	0x50
 1695 00da 9F       		.byte	0x9f
 1696 00db 00000000 		.4byte	0
 1697 00df 00000000 		.4byte	0
 1698              	.LLST5:
 1699 00e3 00000000 		.4byte	.LVL23
 1700 00e7 26000000 		.4byte	.LVL26
 1701 00eb 0100     		.2byte	0x1
 1702 00ed 51       		.byte	0x51
 1703 00ee 26000000 		.4byte	.LVL26
 1704 00f2 F8000000 		.4byte	.LVL50
 1705 00f6 0100     		.2byte	0x1
 1706 00f8 58       		.byte	0x58
 1707 00f9 F8000000 		.4byte	.LVL50
 1708 00fd FE000000 		.4byte	.LFE39
 1709 0101 0100     		.2byte	0x1
 1710 0103 52       		.byte	0x52
 1711 0104 00000000 		.4byte	0
 1712 0108 00000000 		.4byte	0
 1713              	.LLST6:
 1714 010c 6C000000 		.4byte	.LVL37
 1715 0110 71000000 		.4byte	.LVL38-1
 1716 0114 0100     		.2byte	0x1
 1717 0116 50       		.byte	0x50
 1718 0117 00000000 		.4byte	0
 1719 011b 00000000 		.4byte	0
 1720              	.LLST7:
 1721 011f 74000000 		.4byte	.LVL39
 1722 0123 78000000 		.4byte	.LVL40
 1723 0127 0200     		.2byte	0x2
 1724 0129 30       		.byte	0x30
 1725 012a 9F       		.byte	0x9f
 1726 012b 78000000 		.4byte	.LVL40
 1727 012f CA000000 		.4byte	.LVL42
 1728 0133 0100     		.2byte	0x1
 1729 0135 55       		.byte	0x55
 1730 0136 CC000000 		.4byte	.LVL43
 1731 013a D6000000 		.4byte	.LVL44
 1732 013e 0100     		.2byte	0x1
 1733 0140 55       		.byte	0x55
 1734 0141 00000000 		.4byte	0
 1735 0145 00000000 		.4byte	0
 1736              	.LLST8:
 1737 0149 22000000 		.4byte	.LVL24
 1738 014d D6000000 		.4byte	.LVL44
 1739 0151 0200     		.2byte	0x2
ARM GAS  C:\Users\EmilR\AppData\Local\Temp\ccbtngxr.s 			page 34


 1740 0153 30       		.byte	0x30
 1741 0154 9F       		.byte	0x9f
 1742 0155 D6000000 		.4byte	.LVL44
 1743 0159 E6000000 		.4byte	.LVL46
 1744 015d 0100     		.2byte	0x1
 1745 015f 54       		.byte	0x54
 1746 0160 E8000000 		.4byte	.LVL47
 1747 0164 F8000000 		.4byte	.LVL48
 1748 0168 0100     		.2byte	0x1
 1749 016a 54       		.byte	0x54
 1750 016b 00000000 		.4byte	0
 1751 016f 00000000 		.4byte	0
 1752              	.LLST9:
 1753 0173 74000000 		.4byte	.LVL39
 1754 0177 F8000000 		.4byte	.LVL49
 1755 017b 0100     		.2byte	0x1
 1756 017d 56       		.byte	0x56
 1757 017e 00000000 		.4byte	0
 1758 0182 00000000 		.4byte	0
 1759              		.section	.debug_aranges,"",%progbits
 1760 0000 44000000 		.4byte	0x44
 1761 0004 0200     		.2byte	0x2
 1762 0006 00000000 		.4byte	.Ldebug_info0
 1763 000a 04       		.byte	0x4
 1764 000b 00       		.byte	0
 1765 000c 0000     		.2byte	0
 1766 000e 0000     		.2byte	0
 1767 0010 00000000 		.4byte	.LFB34
 1768 0014 2C000000 		.4byte	.LFE34-.LFB34
 1769 0018 00000000 		.4byte	.LFB35
 1770 001c 3E000000 		.4byte	.LFE35-.LFB35
 1771 0020 00000000 		.4byte	.LFB36
 1772 0024 60000000 		.4byte	.LFE36-.LFB36
 1773 0028 00000000 		.4byte	.LFB37
 1774 002c 34000000 		.4byte	.LFE37-.LFB37
 1775 0030 00000000 		.4byte	.LFB38
 1776 0034 30000000 		.4byte	.LFE38-.LFB38
 1777 0038 00000000 		.4byte	.LFB39
 1778 003c FE000000 		.4byte	.LFE39-.LFB39
 1779 0040 00000000 		.4byte	0
 1780 0044 00000000 		.4byte	0
 1781              		.section	.debug_ranges,"",%progbits
 1782              	.Ldebug_ranges0:
 1783 0000 00000000 		.4byte	.LFB34
 1784 0004 2C000000 		.4byte	.LFE34
 1785 0008 00000000 		.4byte	.LFB35
 1786 000c 3E000000 		.4byte	.LFE35
 1787 0010 00000000 		.4byte	.LFB36
 1788 0014 60000000 		.4byte	.LFE36
 1789 0018 00000000 		.4byte	.LFB37
 1790 001c 34000000 		.4byte	.LFE37
 1791 0020 00000000 		.4byte	.LFB38
 1792 0024 30000000 		.4byte	.LFE38
 1793 0028 00000000 		.4byte	.LFB39
 1794 002c FE000000 		.4byte	.LFE39
 1795 0030 00000000 		.4byte	0
 1796 0034 00000000 		.4byte	0
ARM GAS  C:\Users\EmilR\AppData\Local\Temp\ccbtngxr.s 			page 35


 1797              		.section	.debug_line,"",%progbits
 1798              	.Ldebug_line0:
 1799 0000 85020000 		.section	.debug_str,"MS",%progbits,1
 1799      02006F01 
 1799      00000201 
 1799      FB0E0D00 
 1799      01010101 
 1800              	.LASF54:
 1801 0000 73657450 		.ascii	"setPosition\000"
 1801      6F736974 
 1801      696F6E00 
 1802              	.LASF48:
 1803 000c 73657441 		.ascii	"setAcceleration\000"
 1803      6363656C 
 1803      65726174 
 1803      696F6E00 
 1804              	.LASF28:
 1805 001c 61636343 		.ascii	"accConfigData\000"
 1805      6F6E6669 
 1805      67446174 
 1805      6100
 1806              	.LASF52:
 1807 002a 6163635F 		.ascii	"acc_total\000"
 1807      746F7461 
 1807      6C00
 1808              	.LASF15:
 1809 0034 696E7438 		.ascii	"int8_t\000"
 1809      5F7400
 1810              	.LASF5:
 1811 003b 73686F72 		.ascii	"short int\000"
 1811      7420696E 
 1811      7400
 1812              	.LASF34:
 1813 0045 636F756E 		.ascii	"countx\000"
 1813      747800
 1814              	.LASF29:
 1815 004c 73616D70 		.ascii	"sampleRateDividerData\000"
 1815      6C655261 
 1815      74654469 
 1815      76696465 
 1815      72446174 
 1816              	.LASF27:
 1817 0062 73697A65 		.ascii	"sizetype\000"
 1817      74797065 
 1817      00
 1818              	.LASF40:
 1819 006b 76656C6F 		.ascii	"velocity_x\000"
 1819      63697479 
 1819      5F7800
 1820              	.LASF41:
 1821 0076 76656C6F 		.ascii	"velocity_y\000"
 1821      63697479 
 1821      5F7900
 1822              	.LASF10:
 1823 0081 5F5F7569 		.ascii	"__uint32_t\000"
 1823      6E743332 
 1823      5F7400
ARM GAS  C:\Users\EmilR\AppData\Local\Temp\ccbtngxr.s 			page 36


 1824              	.LASF61:
 1825 008c 7061636B 		.ascii	"packetCount\000"
 1825      6574436F 
 1825      756E7400 
 1826              	.LASF6:
 1827 0098 5F5F7569 		.ascii	"__uint16_t\000"
 1827      6E743136 
 1827      5F7400
 1828              	.LASF16:
 1829 00a3 75696E74 		.ascii	"uint8_t\000"
 1829      385F7400 
 1830              	.LASF23:
 1831 00ab 696E7431 		.ascii	"int16\000"
 1831      3600
 1832              	.LASF21:
 1833 00b1 75696E74 		.ascii	"uint8\000"
 1833      3800
 1834              	.LASF46:
 1835 00b7 636F6E66 		.ascii	"configObj\000"
 1835      69674F62 
 1835      6A00
 1836              	.LASF53:
 1837 00c1 73657456 		.ascii	"setVelocity\000"
 1837      656C6F63 
 1837      69747900 
 1838              	.LASF67:
 1839 00cd 2E5C6163 		.ascii	".\\accelerometer.c\000"
 1839      63656C65 
 1839      726F6D65 
 1839      7465722E 
 1839      6300
 1840              	.LASF24:
 1841 00df 666C6F61 		.ascii	"float\000"
 1841      7400
 1842              	.LASF12:
 1843 00e5 6C6F6E67 		.ascii	"long long int\000"
 1843      206C6F6E 
 1843      6720696E 
 1843      7400
 1844              	.LASF31:
 1845 00f3 706F7765 		.ascii	"powerManagement\000"
 1845      724D616E 
 1845      6167656D 
 1845      656E7400 
 1846              	.LASF60:
 1847 0103 6669666F 		.ascii	"fifo_count\000"
 1847      5F636F75 
 1847      6E7400
 1848              	.LASF62:
 1849 010e 57726974 		.ascii	"WriteI2CData\000"
 1849      65493243 
 1849      44617461 
 1849      00
 1850              	.LASF44:
 1851 011b 6D70755F 		.ascii	"mpu_init\000"
 1851      696E6974 
 1851      00
ARM GAS  C:\Users\EmilR\AppData\Local\Temp\ccbtngxr.s 			page 37


 1852              	.LASF37:
 1853 0124 41636345 		.ascii	"AccErrorY\000"
 1853      72726F72 
 1853      5900
 1854              	.LASF66:
 1855 012e 474E5520 		.ascii	"GNU C 4.9.3 20150303 (release) [ARM/embedded-4_9-br"
 1855      4320342E 
 1855      392E3320 
 1855      32303135 
 1855      30333033 
 1856 0161 616E6368 		.ascii	"anch revision 221220] -mcpu=cortex-m0 -mthumb -g -O"
 1856      20726576 
 1856      6973696F 
 1856      6E203232 
 1856      31323230 
 1857 0194 67202D66 		.ascii	"g -ffunction-sections -ffat-lto-objects\000"
 1857      66756E63 
 1857      74696F6E 
 1857      2D736563 
 1857      74696F6E 
 1858              	.LASF56:
 1859 01bc 61636343 		.ascii	"accConfig\000"
 1859      6F6E6669 
 1859      6700
 1860              	.LASF32:
 1861 01c6 4D50555F 		.ascii	"MPU_9150_Acc_config_s\000"
 1861      39313530 
 1861      5F416363 
 1861      5F636F6E 
 1861      6669675F 
 1862              	.LASF3:
 1863 01dc 756E7369 		.ascii	"unsigned char\000"
 1863      676E6564 
 1863      20636861 
 1863      7200
 1864              	.LASF2:
 1865 01ea 7369676E 		.ascii	"signed char\000"
 1865      65642063 
 1865      68617200 
 1866              	.LASF13:
 1867 01f6 6C6F6E67 		.ascii	"long long unsigned int\000"
 1867      206C6F6E 
 1867      6720756E 
 1867      7369676E 
 1867      65642069 
 1868              	.LASF20:
 1869 020d 75696E74 		.ascii	"uint32_t\000"
 1869      33325F74 
 1869      00
 1870              	.LASF14:
 1871 0216 756E7369 		.ascii	"unsigned int\000"
 1871      676E6564 
 1871      20696E74 
 1871      00
 1872              	.LASF18:
 1873 0223 75696E74 		.ascii	"uint16_t\000"
 1873      31365F74 
ARM GAS  C:\Users\EmilR\AppData\Local\Temp\ccbtngxr.s 			page 38


 1873      00
 1874              	.LASF42:
 1875 022c 706F7369 		.ascii	"position_x\000"
 1875      74696F6E 
 1875      5F7800
 1876              	.LASF43:
 1877 0237 706F7369 		.ascii	"position_y\000"
 1877      74696F6E 
 1877      5F7900
 1878              	.LASF7:
 1879 0242 73686F72 		.ascii	"short unsigned int\000"
 1879      7420756E 
 1879      7369676E 
 1879      65642069 
 1879      6E7400
 1880              	.LASF0:
 1881 0255 5F5F696E 		.ascii	"__int8_t\000"
 1881      74385F74 
 1881      00
 1882              	.LASF35:
 1883 025e 636F756E 		.ascii	"county\000"
 1883      747900
 1884              	.LASF26:
 1885 0265 63686172 		.ascii	"char\000"
 1885      00
 1886              	.LASF47:
 1887 026a 696E6974 		.ascii	"init\000"
 1887      00
 1888              	.LASF9:
 1889 026f 6C6F6E67 		.ascii	"long int\000"
 1889      20696E74 
 1889      00
 1890              	.LASF65:
 1891 0278 52656164 		.ascii	"ReadI2CBytes\000"
 1891      49324342 
 1891      79746573 
 1891      00
 1892              	.LASF19:
 1893 0285 696E7433 		.ascii	"int32_t\000"
 1893      325F7400 
 1894              	.LASF63:
 1895 028d 52656164 		.ascii	"ReadI2CData\000"
 1895      49324344 
 1895      61746100 
 1896              	.LASF33:
 1897 0299 6D6F7665 		.ascii	"movement_XY_s\000"
 1897      6D656E74 
 1897      5F58595F 
 1897      7300
 1898              	.LASF36:
 1899 02a7 41636345 		.ascii	"AccErrorX\000"
 1899      72726F72 
 1899      5800
 1900              	.LASF17:
 1901 02b1 696E7431 		.ascii	"int16_t\000"
 1901      365F7400 
 1902              	.LASF30:
ARM GAS  C:\Users\EmilR\AppData\Local\Temp\ccbtngxr.s 			page 39


 1903 02b9 6669666F 		.ascii	"fifoData\000"
 1903      44617461 
 1903      00
 1904              	.LASF55:
 1905 02c2 63616C69 		.ascii	"calibrateMPU9150\000"
 1905      62726174 
 1905      654D5055 
 1905      39313530 
 1905      00
 1906              	.LASF58:
 1907 02d3 64617461 		.ascii	"data\000"
 1907      00
 1908              	.LASF38:
 1909 02d8 61636365 		.ascii	"acceleration_x\000"
 1909      6C657261 
 1909      74696F6E 
 1909      5F7800
 1910              	.LASF39:
 1911 02e7 61636365 		.ascii	"acceleration_y\000"
 1911      6C657261 
 1911      74696F6E 
 1911      5F7900
 1912              	.LASF22:
 1913 02f6 75696E74 		.ascii	"uint32\000"
 1913      333200
 1914              	.LASF49:
 1915 02fd 6D6F7665 		.ascii	"movementData\000"
 1915      6D656E74 
 1915      44617461 
 1915      00
 1916              	.LASF11:
 1917 030a 6C6F6E67 		.ascii	"long unsigned int\000"
 1917      20756E73 
 1917      69676E65 
 1917      6420696E 
 1917      7400
 1918              	.LASF25:
 1919 031c 646F7562 		.ascii	"double\000"
 1919      6C6500
 1920              	.LASF68:
 1921 0323 433A5C55 		.ascii	"C:\\Users\\EmilR\\Desktop\\accelerometer\\PSoC\\Des"
 1921      73657273 
 1921      5C456D69 
 1921      6C525C44 
 1921      65736B74 
 1922 0350 69676E30 		.ascii	"ign01.cydsn\000"
 1922      312E6379 
 1922      64736E00 
 1923              	.LASF59:
 1924 035c 6163635F 		.ascii	"acc_temp\000"
 1924      74656D70 
 1924      00
 1925              	.LASF8:
 1926 0365 5F5F696E 		.ascii	"__int32_t\000"
 1926      7433325F 
 1926      7400
 1927              	.LASF4:
ARM GAS  C:\Users\EmilR\AppData\Local\Temp\ccbtngxr.s 			page 40


 1928 036f 5F5F696E 		.ascii	"__int16_t\000"
 1928      7431365F 
 1928      7400
 1929              	.LASF50:
 1930 0379 74656D70 		.ascii	"temp_acc_H\000"
 1930      5F616363 
 1930      5F4800
 1931              	.LASF57:
 1932 0384 6572726F 		.ascii	"error\000"
 1932      7200
 1933              	.LASF51:
 1934 038a 74656D70 		.ascii	"temp_acc_L\000"
 1934      5F616363 
 1934      5F4C00
 1935              	.LASF64:
 1936 0395 43794465 		.ascii	"CyDelay\000"
 1936      6C617900 
 1937              	.LASF45:
 1938 039d 6D6F7665 		.ascii	"movement_init\000"
 1938      6D656E74 
 1938      5F696E69 
 1938      7400
 1939              	.LASF1:
 1940 03ab 5F5F7569 		.ascii	"__uint8_t\000"
 1940      6E74385F 
 1940      7400
 1941              		.ident	"GCC: (GNU Tools for ARM Embedded Processors) 4.9.3 20150303 (release) [ARM/embedded-4_9-br
