ARM GAS  C:\Users\capslock\AppData\Local\Temp\ccVqpd2k.s 			page 1


   1              		.cpu cortex-m0
   2              		.fpu softvfp
   3              		.eabi_attribute 20, 1
   4              		.eabi_attribute 21, 1
   5              		.eabi_attribute 23, 3
   6              		.eabi_attribute 24, 1
   7              		.eabi_attribute 25, 1
   8              		.eabi_attribute 26, 1
   9              		.eabi_attribute 30, 1
  10              		.eabi_attribute 34, 0
  11              		.eabi_attribute 18, 4
  12              		.code	16
  13              		.file	"cyfitter_cfg.c"
  14              		.text
  15              	.Ltext0:
  16              		.cfi_sections	.debug_frame
  17              		.section	.text.CYMEMZERO,"ax",%progbits
  18              		.align	2
  19              		.code	16
  20              		.thumb_func
  21              		.type	CYMEMZERO, %function
  22              	CYMEMZERO:
  23              	.LFB0:
  24              		.file 1 ".\\Generated_Source\\PSoC4\\cyfitter_cfg.c"
   1:.\Generated_Source\PSoC4/cyfitter_cfg.c **** /*******************************************************************************
   2:.\Generated_Source\PSoC4/cyfitter_cfg.c **** * File Name: cyfitter_cfg.c
   3:.\Generated_Source\PSoC4/cyfitter_cfg.c **** * 
   4:.\Generated_Source\PSoC4/cyfitter_cfg.c **** * PSoC Creator  3.3 CP3
   5:.\Generated_Source\PSoC4/cyfitter_cfg.c **** *
   6:.\Generated_Source\PSoC4/cyfitter_cfg.c **** * Description:
   7:.\Generated_Source\PSoC4/cyfitter_cfg.c **** * This file contains device initialization code.
   8:.\Generated_Source\PSoC4/cyfitter_cfg.c **** * Except for the user defined sections in CyClockStartupError(), this file should not be modified.
   9:.\Generated_Source\PSoC4/cyfitter_cfg.c **** * This file is automatically generated by PSoC Creator.
  10:.\Generated_Source\PSoC4/cyfitter_cfg.c **** *
  11:.\Generated_Source\PSoC4/cyfitter_cfg.c **** ********************************************************************************
  12:.\Generated_Source\PSoC4/cyfitter_cfg.c **** * Copyright (c) 2007-2016 Cypress Semiconductor.  All rights reserved.
  13:.\Generated_Source\PSoC4/cyfitter_cfg.c **** * You may use this file only in accordance with the license, terms, conditions, 
  14:.\Generated_Source\PSoC4/cyfitter_cfg.c **** * disclaimers, and limitations in the end user license agreement accompanying 
  15:.\Generated_Source\PSoC4/cyfitter_cfg.c **** * the software package with which this file was provided.
  16:.\Generated_Source\PSoC4/cyfitter_cfg.c **** ********************************************************************************/
  17:.\Generated_Source\PSoC4/cyfitter_cfg.c **** 
  18:.\Generated_Source\PSoC4/cyfitter_cfg.c **** #include <string.h>
  19:.\Generated_Source\PSoC4/cyfitter_cfg.c **** #include "cytypes.h"
  20:.\Generated_Source\PSoC4/cyfitter_cfg.c **** #include "cydevice_trm.h"
  21:.\Generated_Source\PSoC4/cyfitter_cfg.c **** #include "cyfitter.h"
  22:.\Generated_Source\PSoC4/cyfitter_cfg.c **** #include "CyLib.h"
  23:.\Generated_Source\PSoC4/cyfitter_cfg.c **** #include "CyLFClk.h"
  24:.\Generated_Source\PSoC4/cyfitter_cfg.c **** #include "cyfitter_cfg.h"
  25:.\Generated_Source\PSoC4/cyfitter_cfg.c **** 
  26:.\Generated_Source\PSoC4/cyfitter_cfg.c **** 
  27:.\Generated_Source\PSoC4/cyfitter_cfg.c **** #if defined(__GNUC__) || defined(__ARMCC_VERSION)
  28:.\Generated_Source\PSoC4/cyfitter_cfg.c ****     #define CYPACKED 
  29:.\Generated_Source\PSoC4/cyfitter_cfg.c ****     #define CYPACKED_ATTR __attribute__ ((packed))
  30:.\Generated_Source\PSoC4/cyfitter_cfg.c ****     #define CYALIGNED __attribute__ ((aligned))
  31:.\Generated_Source\PSoC4/cyfitter_cfg.c ****     #define CY_CFG_UNUSED __attribute__ ((unused))
  32:.\Generated_Source\PSoC4/cyfitter_cfg.c ****     #ifndef CY_CFG_SECTION
  33:.\Generated_Source\PSoC4/cyfitter_cfg.c ****         #define CY_CFG_SECTION __attribute__ ((section(".psocinit")))
ARM GAS  C:\Users\capslock\AppData\Local\Temp\ccVqpd2k.s 			page 2


  34:.\Generated_Source\PSoC4/cyfitter_cfg.c ****     #endif
  35:.\Generated_Source\PSoC4/cyfitter_cfg.c ****     
  36:.\Generated_Source\PSoC4/cyfitter_cfg.c ****     #if defined(__ARMCC_VERSION)
  37:.\Generated_Source\PSoC4/cyfitter_cfg.c ****         #define CY_CFG_MEMORY_BARRIER() __memory_changed()
  38:.\Generated_Source\PSoC4/cyfitter_cfg.c ****     #else
  39:.\Generated_Source\PSoC4/cyfitter_cfg.c ****         #define CY_CFG_MEMORY_BARRIER() __sync_synchronize()
  40:.\Generated_Source\PSoC4/cyfitter_cfg.c ****     #endif
  41:.\Generated_Source\PSoC4/cyfitter_cfg.c ****     
  42:.\Generated_Source\PSoC4/cyfitter_cfg.c **** #elif defined(__ICCARM__)
  43:.\Generated_Source\PSoC4/cyfitter_cfg.c ****     #include <intrinsics.h>
  44:.\Generated_Source\PSoC4/cyfitter_cfg.c **** 
  45:.\Generated_Source\PSoC4/cyfitter_cfg.c ****     #define CYPACKED __packed
  46:.\Generated_Source\PSoC4/cyfitter_cfg.c ****     #define CYPACKED_ATTR 
  47:.\Generated_Source\PSoC4/cyfitter_cfg.c ****     #define CYALIGNED _Pragma("data_alignment=4")
  48:.\Generated_Source\PSoC4/cyfitter_cfg.c ****     #define CY_CFG_UNUSED _Pragma("diag_suppress=Pe177")
  49:.\Generated_Source\PSoC4/cyfitter_cfg.c ****     #define CY_CFG_SECTION _Pragma("location=\".psocinit\"")
  50:.\Generated_Source\PSoC4/cyfitter_cfg.c ****     
  51:.\Generated_Source\PSoC4/cyfitter_cfg.c ****     #define CY_CFG_MEMORY_BARRIER() __DMB()
  52:.\Generated_Source\PSoC4/cyfitter_cfg.c ****     
  53:.\Generated_Source\PSoC4/cyfitter_cfg.c **** #else
  54:.\Generated_Source\PSoC4/cyfitter_cfg.c ****     #error Unsupported toolchain
  55:.\Generated_Source\PSoC4/cyfitter_cfg.c **** #endif
  56:.\Generated_Source\PSoC4/cyfitter_cfg.c **** 
  57:.\Generated_Source\PSoC4/cyfitter_cfg.c **** 
  58:.\Generated_Source\PSoC4/cyfitter_cfg.c **** CY_CFG_UNUSED
  59:.\Generated_Source\PSoC4/cyfitter_cfg.c **** static void CYMEMZERO(void *s, size_t n);
  60:.\Generated_Source\PSoC4/cyfitter_cfg.c **** CY_CFG_UNUSED
  61:.\Generated_Source\PSoC4/cyfitter_cfg.c **** static void CYMEMZERO(void *s, size_t n)
  62:.\Generated_Source\PSoC4/cyfitter_cfg.c **** {
  25              		.loc 1 62 0
  26              		.cfi_startproc
  27              	.LVL0:
  28 0000 08B5     		push	{r3, lr}
  29              		.cfi_def_cfa_offset 8
  30              		.cfi_offset 3, -8
  31              		.cfi_offset 14, -4
  32 0002 0A1C     		mov	r2, r1
  63:.\Generated_Source\PSoC4/cyfitter_cfg.c **** 	(void)memset(s, 0, n);
  33              		.loc 1 63 0
  34 0004 0021     		mov	r1, #0
  35              	.LVL1:
  36 0006 FFF7FEFF 		bl	memset
  37              	.LVL2:
  64:.\Generated_Source\PSoC4/cyfitter_cfg.c **** }
  38              		.loc 1 64 0
  39              		@ sp needed
  40 000a 08BD     		pop	{r3, pc}
  41              		.cfi_endproc
  42              	.LFE0:
  43              		.size	CYMEMZERO, .-CYMEMZERO
  44              		.section	.psocinit,"ax",%progbits
  45              		.align	2
  46              		.code	16
  47              		.thumb_func
  48              		.type	ClockSetup, %function
  49              	ClockSetup:
  50              	.LFB3:
ARM GAS  C:\Users\capslock\AppData\Local\Temp\ccVqpd2k.s 			page 3


  65:.\Generated_Source\PSoC4/cyfitter_cfg.c **** CY_CFG_UNUSED
  66:.\Generated_Source\PSoC4/cyfitter_cfg.c **** static void CYCONFIGCPY(void *dest, const void *src, size_t n);
  67:.\Generated_Source\PSoC4/cyfitter_cfg.c **** CY_CFG_UNUSED
  68:.\Generated_Source\PSoC4/cyfitter_cfg.c **** static void CYCONFIGCPY(void *dest, const void *src, size_t n)
  69:.\Generated_Source\PSoC4/cyfitter_cfg.c **** {
  70:.\Generated_Source\PSoC4/cyfitter_cfg.c **** 	(void)memcpy(dest, src, n);
  71:.\Generated_Source\PSoC4/cyfitter_cfg.c **** }
  72:.\Generated_Source\PSoC4/cyfitter_cfg.c **** CY_CFG_UNUSED
  73:.\Generated_Source\PSoC4/cyfitter_cfg.c **** static void CYCONFIGCPYCODE(void *dest, const void *src, size_t n);
  74:.\Generated_Source\PSoC4/cyfitter_cfg.c **** CY_CFG_UNUSED
  75:.\Generated_Source\PSoC4/cyfitter_cfg.c **** static void CYCONFIGCPYCODE(void *dest, const void *src, size_t n)
  76:.\Generated_Source\PSoC4/cyfitter_cfg.c **** {
  77:.\Generated_Source\PSoC4/cyfitter_cfg.c **** 	(void)memcpy(dest, src, n);
  78:.\Generated_Source\PSoC4/cyfitter_cfg.c **** }
  79:.\Generated_Source\PSoC4/cyfitter_cfg.c **** 
  80:.\Generated_Source\PSoC4/cyfitter_cfg.c **** 
  81:.\Generated_Source\PSoC4/cyfitter_cfg.c **** 
  82:.\Generated_Source\PSoC4/cyfitter_cfg.c **** /* Clock startup error codes                                                   */
  83:.\Generated_Source\PSoC4/cyfitter_cfg.c **** #define CYCLOCKSTART_NO_ERROR    0u
  84:.\Generated_Source\PSoC4/cyfitter_cfg.c **** #define CYCLOCKSTART_XTAL_ERROR  1u
  85:.\Generated_Source\PSoC4/cyfitter_cfg.c **** #define CYCLOCKSTART_32KHZ_ERROR 2u
  86:.\Generated_Source\PSoC4/cyfitter_cfg.c **** #define CYCLOCKSTART_PLL_ERROR   3u
  87:.\Generated_Source\PSoC4/cyfitter_cfg.c **** 
  88:.\Generated_Source\PSoC4/cyfitter_cfg.c **** #ifdef CY_NEED_CYCLOCKSTARTUPERROR
  89:.\Generated_Source\PSoC4/cyfitter_cfg.c **** /*******************************************************************************
  90:.\Generated_Source\PSoC4/cyfitter_cfg.c **** * Function Name: CyClockStartupError
  91:.\Generated_Source\PSoC4/cyfitter_cfg.c **** ********************************************************************************
  92:.\Generated_Source\PSoC4/cyfitter_cfg.c **** * Summary:
  93:.\Generated_Source\PSoC4/cyfitter_cfg.c **** *  If an error is encountered during clock configuration (crystal startup error,
  94:.\Generated_Source\PSoC4/cyfitter_cfg.c **** *  PLL lock error, etc.), the system will end up here.  Unless reimplemented by
  95:.\Generated_Source\PSoC4/cyfitter_cfg.c **** *  the customer, this function will stop in an infinite loop.
  96:.\Generated_Source\PSoC4/cyfitter_cfg.c **** *
  97:.\Generated_Source\PSoC4/cyfitter_cfg.c **** * Parameters:
  98:.\Generated_Source\PSoC4/cyfitter_cfg.c **** *   void
  99:.\Generated_Source\PSoC4/cyfitter_cfg.c **** *
 100:.\Generated_Source\PSoC4/cyfitter_cfg.c **** * Return:
 101:.\Generated_Source\PSoC4/cyfitter_cfg.c **** *   void
 102:.\Generated_Source\PSoC4/cyfitter_cfg.c **** *
 103:.\Generated_Source\PSoC4/cyfitter_cfg.c **** *******************************************************************************/
 104:.\Generated_Source\PSoC4/cyfitter_cfg.c **** CY_CFG_UNUSED
 105:.\Generated_Source\PSoC4/cyfitter_cfg.c **** static void CyClockStartupError(uint8 errorCode);
 106:.\Generated_Source\PSoC4/cyfitter_cfg.c **** CY_CFG_UNUSED
 107:.\Generated_Source\PSoC4/cyfitter_cfg.c **** static void CyClockStartupError(uint8 errorCode)
 108:.\Generated_Source\PSoC4/cyfitter_cfg.c **** {
 109:.\Generated_Source\PSoC4/cyfitter_cfg.c ****     /* To remove the compiler warning if errorCode not used.                */
 110:.\Generated_Source\PSoC4/cyfitter_cfg.c ****     errorCode = errorCode;
 111:.\Generated_Source\PSoC4/cyfitter_cfg.c **** 
 112:.\Generated_Source\PSoC4/cyfitter_cfg.c ****     /* `#START CyClockStartupError` */
 113:.\Generated_Source\PSoC4/cyfitter_cfg.c **** 
 114:.\Generated_Source\PSoC4/cyfitter_cfg.c ****     /* If we have a clock startup error (bad MHz crystal, PLL lock, etc.),  */
 115:.\Generated_Source\PSoC4/cyfitter_cfg.c ****     /* we will end up here to allow the customer to implement something to  */
 116:.\Generated_Source\PSoC4/cyfitter_cfg.c ****     /* deal with the clock condition.                                       */
 117:.\Generated_Source\PSoC4/cyfitter_cfg.c **** 
 118:.\Generated_Source\PSoC4/cyfitter_cfg.c ****     /* `#END` */
 119:.\Generated_Source\PSoC4/cyfitter_cfg.c **** 
 120:.\Generated_Source\PSoC4/cyfitter_cfg.c ****     /* If nothing else, stop here since the clocks have not started         */
 121:.\Generated_Source\PSoC4/cyfitter_cfg.c ****     /* correctly.                                                           */
ARM GAS  C:\Users\capslock\AppData\Local\Temp\ccVqpd2k.s 			page 4


 122:.\Generated_Source\PSoC4/cyfitter_cfg.c ****     while(1) {}
 123:.\Generated_Source\PSoC4/cyfitter_cfg.c **** }
 124:.\Generated_Source\PSoC4/cyfitter_cfg.c **** #endif
 125:.\Generated_Source\PSoC4/cyfitter_cfg.c **** 
 126:.\Generated_Source\PSoC4/cyfitter_cfg.c **** 
 127:.\Generated_Source\PSoC4/cyfitter_cfg.c **** 
 128:.\Generated_Source\PSoC4/cyfitter_cfg.c **** /*******************************************************************************
 129:.\Generated_Source\PSoC4/cyfitter_cfg.c **** * Function Name: ClockSetup
 130:.\Generated_Source\PSoC4/cyfitter_cfg.c **** ********************************************************************************
 131:.\Generated_Source\PSoC4/cyfitter_cfg.c **** *
 132:.\Generated_Source\PSoC4/cyfitter_cfg.c **** * Summary:
 133:.\Generated_Source\PSoC4/cyfitter_cfg.c **** *   Performs the initialization of all of the clocks in the device based on the
 134:.\Generated_Source\PSoC4/cyfitter_cfg.c **** *   settings in the Clock tab of the DWR.  This includes enabling the requested
 135:.\Generated_Source\PSoC4/cyfitter_cfg.c **** *   clocks and setting the necessary dividers to produce the desired frequency. 
 136:.\Generated_Source\PSoC4/cyfitter_cfg.c **** *
 137:.\Generated_Source\PSoC4/cyfitter_cfg.c **** * Parameters:
 138:.\Generated_Source\PSoC4/cyfitter_cfg.c **** *   void
 139:.\Generated_Source\PSoC4/cyfitter_cfg.c **** *
 140:.\Generated_Source\PSoC4/cyfitter_cfg.c **** * Return:
 141:.\Generated_Source\PSoC4/cyfitter_cfg.c **** *   void
 142:.\Generated_Source\PSoC4/cyfitter_cfg.c **** *
 143:.\Generated_Source\PSoC4/cyfitter_cfg.c **** *******************************************************************************/
 144:.\Generated_Source\PSoC4/cyfitter_cfg.c **** static void ClockSetup(void);
 145:.\Generated_Source\PSoC4/cyfitter_cfg.c **** CY_CFG_SECTION
 146:.\Generated_Source\PSoC4/cyfitter_cfg.c **** static void ClockSetup(void)
 147:.\Generated_Source\PSoC4/cyfitter_cfg.c **** {
  51              		.loc 1 147 0
  52              		.cfi_startproc
  53 0000 38B5     		push	{r3, r4, r5, lr}
  54              		.cfi_def_cfa_offset 16
  55              		.cfi_offset 3, -16
  56              		.cfi_offset 4, -12
  57              		.cfi_offset 5, -8
  58              		.cfi_offset 14, -4
 148:.\Generated_Source\PSoC4/cyfitter_cfg.c **** 	/* Enable HALF_EN before trimming for the flash accelerator. */
 149:.\Generated_Source\PSoC4/cyfitter_cfg.c **** 	CY_SET_REG32((void CYXDATA *)(CYREG_CLK_SELECT), (CY_GET_REG32((void *)CYREG_CLK_SELECT) | 0x00040
  59              		.loc 1 149 0
  60 0002 164C     		ldr	r4, .L3
  61 0004 2368     		ldr	r3, [r4]
  62 0006 8022     		mov	r2, #128
  63 0008 D202     		lsl	r2, r2, #11
  64 000a 1343     		orr	r3, r2
  65 000c 2360     		str	r3, [r4]
 150:.\Generated_Source\PSoC4/cyfitter_cfg.c **** 
 151:.\Generated_Source\PSoC4/cyfitter_cfg.c **** 	/* Setup and trim IMO based on desired frequency. */
 152:.\Generated_Source\PSoC4/cyfitter_cfg.c **** 	CySysClkWriteImoFreq(24u);
  66              		.loc 1 152 0
  67 000e 1820     		mov	r0, #24
  68 0010 FFF7FEFF 		bl	CySysClkWriteImoFreq
  69              	.LVL3:
 153:.\Generated_Source\PSoC4/cyfitter_cfg.c **** 
 154:.\Generated_Source\PSoC4/cyfitter_cfg.c **** 	/* Disable HALF_EN since it is not required at this IMO frequency. */
 155:.\Generated_Source\PSoC4/cyfitter_cfg.c **** 	CY_SET_REG32((void CYXDATA *)(CYREG_CLK_SELECT), (CY_GET_REG32((void *)CYREG_CLK_SELECT) & 0xFFFBF
  70              		.loc 1 155 0
  71 0014 2268     		ldr	r2, [r4]
  72 0016 124B     		ldr	r3, .L3+4
  73 0018 1340     		and	r3, r2
ARM GAS  C:\Users\capslock\AppData\Local\Temp\ccVqpd2k.s 			page 5


  74 001a 2360     		str	r3, [r4]
 156:.\Generated_Source\PSoC4/cyfitter_cfg.c **** 	/* CYDEV_CLK_ILO_CONFIG Starting address: CYDEV_CLK_ILO_CONFIG */
 157:.\Generated_Source\PSoC4/cyfitter_cfg.c **** 	CY_SET_XTND_REG32((void CYFAR *)(CYREG_CLK_ILO_CONFIG), 0x80000006u);
  75              		.loc 1 157 0
  76 001c 114A     		ldr	r2, .L3+8
  77 001e 124B     		ldr	r3, .L3+12
  78 0020 1A60     		str	r2, [r3]
 158:.\Generated_Source\PSoC4/cyfitter_cfg.c **** 
 159:.\Generated_Source\PSoC4/cyfitter_cfg.c **** 
 160:.\Generated_Source\PSoC4/cyfitter_cfg.c **** 	/* CYDEV_CLK_SELECT00 Starting address: CYDEV_CLK_SELECT00 */
 161:.\Generated_Source\PSoC4/cyfitter_cfg.c **** 	CY_SET_XTND_REG32((void CYFAR *)(CYREG_CLK_SELECT02), 0x00000020u);
  79              		.loc 1 161 0
  80 0022 2022     		mov	r2, #32
  81 0024 114B     		ldr	r3, .L3+16
  82 0026 1A60     		str	r2, [r3]
 162:.\Generated_Source\PSoC4/cyfitter_cfg.c **** 	CY_SET_XTND_REG32((void CYFAR *)(CYREG_CLK_SELECT03), 0x00000010u);
  83              		.loc 1 162 0
  84 0028 103A     		sub	r2, r2, #16
  85 002a 114B     		ldr	r3, .L3+20
  86 002c 1A60     		str	r2, [r3]
 163:.\Generated_Source\PSoC4/cyfitter_cfg.c **** 
 164:.\Generated_Source\PSoC4/cyfitter_cfg.c **** 	/* CYDEV_CLK_IMO_CONFIG Starting address: CYDEV_CLK_IMO_CONFIG */
 165:.\Generated_Source\PSoC4/cyfitter_cfg.c **** 	CY_SET_XTND_REG32((void CYFAR *)(CYREG_CLK_IMO_CONFIG), 0x80000000u);
  87              		.loc 1 165 0
  88 002e 8022     		mov	r2, #128
  89 0030 1206     		lsl	r2, r2, #24
  90 0032 104B     		ldr	r3, .L3+24
  91 0034 1A60     		str	r2, [r3]
 166:.\Generated_Source\PSoC4/cyfitter_cfg.c **** 
 167:.\Generated_Source\PSoC4/cyfitter_cfg.c **** 	/* CYDEV_CLK_SELECT Starting address: CYDEV_CLK_SELECT */
 168:.\Generated_Source\PSoC4/cyfitter_cfg.c **** 	CY_SET_XTND_REG32((void CYFAR *)(CYREG_CLK_SELECT), 0x00000000u);
  92              		.loc 1 168 0
  93 0036 0025     		mov	r5, #0
  94 0038 2560     		str	r5, [r4]
 169:.\Generated_Source\PSoC4/cyfitter_cfg.c **** 
 170:.\Generated_Source\PSoC4/cyfitter_cfg.c **** 	/* CYDEV_CLK_DIVIDER_A00 Starting address: CYDEV_CLK_DIVIDER_A00 */
 171:.\Generated_Source\PSoC4/cyfitter_cfg.c **** 	CY_SET_XTND_REG32((void CYFAR *)(CYREG_CLK_DIVIDER_A00), 0x80000002u);
  95              		.loc 1 171 0
  96 003a 0F4A     		ldr	r2, .L3+28
  97 003c 0F4B     		ldr	r3, .L3+32
  98 003e 1A60     		str	r2, [r3]
 172:.\Generated_Source\PSoC4/cyfitter_cfg.c **** 
 173:.\Generated_Source\PSoC4/cyfitter_cfg.c **** 	/* CYDEV_CLK_DIVIDER_B00 Starting address: CYDEV_CLK_DIVIDER_B00 */
 174:.\Generated_Source\PSoC4/cyfitter_cfg.c **** 	CY_SET_XTND_REG32((void CYFAR *)(CYREG_CLK_DIVIDER_B00), 0x80000010u);
  99              		.loc 1 174 0
 100 0040 0F4A     		ldr	r2, .L3+36
 101 0042 104B     		ldr	r3, .L3+40
 102 0044 1A60     		str	r2, [r3]
 175:.\Generated_Source\PSoC4/cyfitter_cfg.c **** 
 176:.\Generated_Source\PSoC4/cyfitter_cfg.c **** 	(void)CyIntSetVector(9u, &CySysWdtIsr);
 103              		.loc 1 176 0
 104 0046 0920     		mov	r0, #9
 105 0048 0F49     		ldr	r1, .L3+44
 106 004a FFF7FEFF 		bl	CyIntSetVector
 107              	.LVL4:
 177:.\Generated_Source\PSoC4/cyfitter_cfg.c **** 	CyIntEnable(9u);
 108              		.loc 1 177 0
ARM GAS  C:\Users\capslock\AppData\Local\Temp\ccVqpd2k.s 			page 6


 109 004e 0920     		mov	r0, #9
 110 0050 FFF7FEFF 		bl	CyIntEnable
 111              	.LVL5:
 178:.\Generated_Source\PSoC4/cyfitter_cfg.c **** 	CY_SET_XTND_REG32((void CYFAR *)(CYREG_WDT_CONFIG), 0x00000000u);
 112              		.loc 1 178 0
 113 0054 0D4B     		ldr	r3, .L3+48
 114 0056 1D60     		str	r5, [r3]
 179:.\Generated_Source\PSoC4/cyfitter_cfg.c **** }
 115              		.loc 1 179 0
 116              		@ sp needed
 117 0058 38BD     		pop	{r3, r4, r5, pc}
 118              	.L4:
 119 005a C046     		.align	2
 120              	.L3:
 121 005c 00010B40 		.word	1074462976
 122 0060 FFFFFBFF 		.word	-262145
 123 0064 06000080 		.word	-2147483642
 124 0068 04010B40 		.word	1074462980
 125 006c 08020240 		.word	1073873416
 126 0070 0C020240 		.word	1073873420
 127 0074 08010B40 		.word	1074462984
 128 0078 02000080 		.word	-2147483646
 129 007c 00000240 		.word	1073872896
 130 0080 10000080 		.word	-2147483632
 131 0084 40000240 		.word	1073872960
 132 0088 00000000 		.word	CySysWdtIsr
 133 008c 0C020B40 		.word	1074463244
 134              		.cfi_endproc
 135              	.LFE3:
 136              		.size	ClockSetup, .-ClockSetup
 137              		.align	2
 138              		.global	cyfitter_cfg
 139              		.code	16
 140              		.thumb_func
 141              		.type	cyfitter_cfg, %function
 142              	cyfitter_cfg:
 143              	.LFB5:
 180:.\Generated_Source\PSoC4/cyfitter_cfg.c **** 
 181:.\Generated_Source\PSoC4/cyfitter_cfg.c **** 
 182:.\Generated_Source\PSoC4/cyfitter_cfg.c **** /* Analog API Functions */
 183:.\Generated_Source\PSoC4/cyfitter_cfg.c **** 
 184:.\Generated_Source\PSoC4/cyfitter_cfg.c **** 
 185:.\Generated_Source\PSoC4/cyfitter_cfg.c **** /*******************************************************************************
 186:.\Generated_Source\PSoC4/cyfitter_cfg.c **** * Function Name: AnalogSetDefault
 187:.\Generated_Source\PSoC4/cyfitter_cfg.c **** ********************************************************************************
 188:.\Generated_Source\PSoC4/cyfitter_cfg.c **** *
 189:.\Generated_Source\PSoC4/cyfitter_cfg.c **** * Summary:
 190:.\Generated_Source\PSoC4/cyfitter_cfg.c **** *  Sets up the analog portions of the chip to default values based on chip
 191:.\Generated_Source\PSoC4/cyfitter_cfg.c **** *  configuration options from the project.
 192:.\Generated_Source\PSoC4/cyfitter_cfg.c **** *
 193:.\Generated_Source\PSoC4/cyfitter_cfg.c **** * Parameters:
 194:.\Generated_Source\PSoC4/cyfitter_cfg.c **** *  void
 195:.\Generated_Source\PSoC4/cyfitter_cfg.c **** *
 196:.\Generated_Source\PSoC4/cyfitter_cfg.c **** * Return:
 197:.\Generated_Source\PSoC4/cyfitter_cfg.c **** *  void
 198:.\Generated_Source\PSoC4/cyfitter_cfg.c **** *
 199:.\Generated_Source\PSoC4/cyfitter_cfg.c **** *******************************************************************************/
ARM GAS  C:\Users\capslock\AppData\Local\Temp\ccVqpd2k.s 			page 7


 200:.\Generated_Source\PSoC4/cyfitter_cfg.c **** static void AnalogSetDefault(void);
 201:.\Generated_Source\PSoC4/cyfitter_cfg.c **** static void AnalogSetDefault(void)
 202:.\Generated_Source\PSoC4/cyfitter_cfg.c **** {
 203:.\Generated_Source\PSoC4/cyfitter_cfg.c **** }
 204:.\Generated_Source\PSoC4/cyfitter_cfg.c **** 
 205:.\Generated_Source\PSoC4/cyfitter_cfg.c **** #define CY_AMUX_UNUSED CYREG_CM0_ROM_DWT
 206:.\Generated_Source\PSoC4/cyfitter_cfg.c **** 
 207:.\Generated_Source\PSoC4/cyfitter_cfg.c **** 
 208:.\Generated_Source\PSoC4/cyfitter_cfg.c **** /*******************************************************************************
 209:.\Generated_Source\PSoC4/cyfitter_cfg.c **** * Function Name: cyfitter_cfg
 210:.\Generated_Source\PSoC4/cyfitter_cfg.c **** ********************************************************************************
 211:.\Generated_Source\PSoC4/cyfitter_cfg.c **** * Summary:
 212:.\Generated_Source\PSoC4/cyfitter_cfg.c **** *  This function is called by the start-up code for the selected device. It
 213:.\Generated_Source\PSoC4/cyfitter_cfg.c **** *  performs all of the necessary device configuration based on the design
 214:.\Generated_Source\PSoC4/cyfitter_cfg.c **** *  settings.  This includes settings from the Design Wide Resources (DWR) such
 215:.\Generated_Source\PSoC4/cyfitter_cfg.c **** *  as Clocks and Pins as well as any component configuration that is necessary.
 216:.\Generated_Source\PSoC4/cyfitter_cfg.c **** *
 217:.\Generated_Source\PSoC4/cyfitter_cfg.c **** * Parameters:  
 218:.\Generated_Source\PSoC4/cyfitter_cfg.c **** *   void
 219:.\Generated_Source\PSoC4/cyfitter_cfg.c **** *
 220:.\Generated_Source\PSoC4/cyfitter_cfg.c **** * Return:
 221:.\Generated_Source\PSoC4/cyfitter_cfg.c **** *   void
 222:.\Generated_Source\PSoC4/cyfitter_cfg.c **** *
 223:.\Generated_Source\PSoC4/cyfitter_cfg.c **** *******************************************************************************/
 224:.\Generated_Source\PSoC4/cyfitter_cfg.c **** CY_CFG_SECTION
 225:.\Generated_Source\PSoC4/cyfitter_cfg.c **** void cyfitter_cfg(void)
 226:.\Generated_Source\PSoC4/cyfitter_cfg.c **** {
 144              		.loc 1 226 0
 145              		.cfi_startproc
 146 0090 10B5     		push	{r4, lr}
 147              		.cfi_def_cfa_offset 8
 148              		.cfi_offset 4, -8
 149              		.cfi_offset 14, -4
 227:.\Generated_Source\PSoC4/cyfitter_cfg.c **** 	/* Disable interrupts by default. Let user enable if/when they want. */
 228:.\Generated_Source\PSoC4/cyfitter_cfg.c **** 	CyGlobalIntDisable;
 150              		.loc 1 228 0
 151              	@ 228 ".\Generated_Source\PSoC4\cyfitter_cfg.c" 1
 152 0092 72B6     		CPSID   i
 153              	@ 0 "" 2
 154              	.LVL6:
 155              		.code	16
 156              	.LBB2:
 229:.\Generated_Source\PSoC4/cyfitter_cfg.c **** 
 230:.\Generated_Source\PSoC4/cyfitter_cfg.c **** 	{
 231:.\Generated_Source\PSoC4/cyfitter_cfg.c **** 
 232:.\Generated_Source\PSoC4/cyfitter_cfg.c **** 		CYPACKED typedef struct {
 233:.\Generated_Source\PSoC4/cyfitter_cfg.c **** 			void CYFAR *address;
 234:.\Generated_Source\PSoC4/cyfitter_cfg.c **** 			uint16 size;
 235:.\Generated_Source\PSoC4/cyfitter_cfg.c **** 		} CYPACKED_ATTR cfg_memset_t;
 236:.\Generated_Source\PSoC4/cyfitter_cfg.c **** 
 237:.\Generated_Source\PSoC4/cyfitter_cfg.c **** 		static const cfg_memset_t CYCODE cfg_memset_list [] = {
 238:.\Generated_Source\PSoC4/cyfitter_cfg.c **** 			/* address, size */
 239:.\Generated_Source\PSoC4/cyfitter_cfg.c **** 			{(void CYFAR *)(CYDEV_UDB_P0_U0_BASE), 1024u},
 240:.\Generated_Source\PSoC4/cyfitter_cfg.c **** 			{(void CYFAR *)(CYDEV_UDB_DSI0_BASE), 1024u},
 241:.\Generated_Source\PSoC4/cyfitter_cfg.c **** 		};
 242:.\Generated_Source\PSoC4/cyfitter_cfg.c **** 
 243:.\Generated_Source\PSoC4/cyfitter_cfg.c **** 		uint8 CYDATA i;
ARM GAS  C:\Users\capslock\AppData\Local\Temp\ccVqpd2k.s 			page 8


 244:.\Generated_Source\PSoC4/cyfitter_cfg.c **** 
 245:.\Generated_Source\PSoC4/cyfitter_cfg.c **** 		/* Zero out critical memory blocks before beginning configuration */
 246:.\Generated_Source\PSoC4/cyfitter_cfg.c **** 		for (i = 0u; i < (sizeof(cfg_memset_list)/sizeof(cfg_memset_list[0])); i++)
 157              		.loc 1 246 0
 158 0094 0024     		mov	r4, #0
 159 0096 10E0     		b	.L6
 160              	.LVL7:
 161              	.L7:
 162              	.LBB3:
 247:.\Generated_Source\PSoC4/cyfitter_cfg.c **** 		{
 248:.\Generated_Source\PSoC4/cyfitter_cfg.c **** 			const cfg_memset_t CYCODE * CYDATA ms = &cfg_memset_list[i];
 249:.\Generated_Source\PSoC4/cyfitter_cfg.c **** 			CYMEMZERO(ms->address, (size_t)(uint32)(ms->size));
 163              		.loc 1 249 0 discriminator 3
 164 0098 1E48     		ldr	r0, .L8
 165 009a 6300     		lsl	r3, r4, #1
 166 009c 1A19     		add	r2, r3, r4
 167 009e 5200     		lsl	r2, r2, #1
 168 00a0 8218     		add	r2, r0, r2
 169 00a2 9188     		ldrh	r1, [r2, #4]
 170 00a4 1B19     		add	r3, r3, r4
 171 00a6 5B00     		lsl	r3, r3, #1
 172 00a8 1A5A     		ldrh	r2, [r3, r0]
 173 00aa C318     		add	r3, r0, r3
 174 00ac 5888     		ldrh	r0, [r3, #2]
 175 00ae 0004     		lsl	r0, r0, #16
 176 00b0 1043     		orr	r0, r2
 177 00b2 FFF7FEFF 		bl	CYMEMZERO
 178              	.LVL8:
 179              	.LBE3:
 246:.\Generated_Source\PSoC4/cyfitter_cfg.c **** 		{
 180              		.loc 1 246 0 discriminator 3
 181 00b6 0134     		add	r4, r4, #1
 182              	.LVL9:
 183 00b8 E4B2     		uxtb	r4, r4
 184              	.LVL10:
 185              	.L6:
 246:.\Generated_Source\PSoC4/cyfitter_cfg.c **** 		{
 186              		.loc 1 246 0 is_stmt 0 discriminator 1
 187 00ba 012C     		cmp	r4, #1
 188 00bc ECD9     		bls	.L7
 250:.\Generated_Source\PSoC4/cyfitter_cfg.c **** 		}
 251:.\Generated_Source\PSoC4/cyfitter_cfg.c **** 
 252:.\Generated_Source\PSoC4/cyfitter_cfg.c **** 		/* HSIOM Starting address: CYDEV_HSIOM_BASE */
 253:.\Generated_Source\PSoC4/cyfitter_cfg.c **** 		CY_SET_XTND_REG32((void CYFAR *)(CYREG_HSIOM_PORT_SEL3), 0x0000EEEEu);
 189              		.loc 1 253 0 is_stmt 1
 190 00be 164A     		ldr	r2, .L8+4
 191 00c0 164B     		ldr	r3, .L8+8
 192 00c2 1A60     		str	r2, [r3]
 254:.\Generated_Source\PSoC4/cyfitter_cfg.c **** 		CY_SET_XTND_REG32((void CYFAR *)(CYREG_HSIOM_PORT_SEL4), 0x00000099u);
 193              		.loc 1 254 0
 194 00c4 9922     		mov	r2, #153
 195 00c6 164B     		ldr	r3, .L8+12
 196 00c8 1A60     		str	r2, [r3]
 255:.\Generated_Source\PSoC4/cyfitter_cfg.c **** 
 256:.\Generated_Source\PSoC4/cyfitter_cfg.c **** 		/* UDB_PA_3 Starting address: CYDEV_UDB_PA3_BASE */
 257:.\Generated_Source\PSoC4/cyfitter_cfg.c **** 		CY_SET_XTND_REG32((void CYFAR *)(CYDEV_UDB_PA3_BASE), 0x00990000u);
 197              		.loc 1 257 0
ARM GAS  C:\Users\capslock\AppData\Local\Temp\ccVqpd2k.s 			page 9


 198 00ca 9922     		mov	r2, #153
 199 00cc 1204     		lsl	r2, r2, #16
 200 00ce 154B     		ldr	r3, .L8+16
 201 00d0 1A60     		str	r2, [r3]
 258:.\Generated_Source\PSoC4/cyfitter_cfg.c **** 
 259:.\Generated_Source\PSoC4/cyfitter_cfg.c **** 		/* Enable digital routing */
 260:.\Generated_Source\PSoC4/cyfitter_cfg.c **** 		CY_SET_XTND_REG8((void *)CYREG_UDB_UDBIF_BANK_CTL, CY_GET_XTND_REG8((void *)CYREG_UDB_UDBIF_BANK_
 202              		.loc 1 260 0
 203 00d2 154B     		ldr	r3, .L8+20
 204 00d4 1978     		ldrb	r1, [r3]
 205 00d6 0220     		mov	r0, #2
 206 00d8 0222     		mov	r2, #2
 207 00da 0A43     		orr	r2, r1
 208 00dc 1A70     		strb	r2, [r3]
 261:.\Generated_Source\PSoC4/cyfitter_cfg.c **** 
 262:.\Generated_Source\PSoC4/cyfitter_cfg.c **** 		/* Enable UDB array */
 263:.\Generated_Source\PSoC4/cyfitter_cfg.c **** 		CY_SET_XTND_REG8((void *)CYREG_UDB_UDBIF_WAIT_CFG, (uint8)((CY_GET_XTND_REG8((void *)CYREG_UDB_UD
 209              		.loc 1 263 0
 210 00de 134C     		ldr	r4, .L8+24
 211              	.LVL11:
 212 00e0 2278     		ldrb	r2, [r4]
 213 00e2 3C21     		mov	r1, #60
 214 00e4 8A43     		bic	r2, r1
 215 00e6 2839     		sub	r1, r1, #40
 216 00e8 0A43     		orr	r2, r1
 217 00ea 2270     		strb	r2, [r4]
 264:.\Generated_Source\PSoC4/cyfitter_cfg.c **** 		CY_SET_XTND_REG8((void *)CYREG_UDB_UDBIF_BANK_CTL, (uint8)(CY_GET_XTND_REG8((void *)CYREG_UDB_UDB
 218              		.loc 1 264 0
 219 00ec 1978     		ldrb	r1, [r3]
 220 00ee 1622     		mov	r2, #22
 221 00f0 0A43     		orr	r2, r1
 222 00f2 1A70     		strb	r2, [r3]
 223              	.LBE2:
 265:.\Generated_Source\PSoC4/cyfitter_cfg.c **** 	}
 266:.\Generated_Source\PSoC4/cyfitter_cfg.c **** 
 267:.\Generated_Source\PSoC4/cyfitter_cfg.c **** 	/* Perform second pass device configuration. These items must be configured in specific order afte
 268:.\Generated_Source\PSoC4/cyfitter_cfg.c **** 	/* IOPINS0_3 Starting address: CYDEV_PRT3_BASE */
 269:.\Generated_Source\PSoC4/cyfitter_cfg.c **** 	CY_SET_XTND_REG32((void CYFAR *)(CYDEV_PRT3_BASE), 0x00000003u);
 224              		.loc 1 269 0
 225 00f4 0322     		mov	r2, #3
 226 00f6 0E4B     		ldr	r3, .L8+28
 227 00f8 1A60     		str	r2, [r3]
 270:.\Generated_Source\PSoC4/cyfitter_cfg.c **** 	CY_SET_XTND_REG32((void CYFAR *)(CYREG_PRT3_PC), 0x00000DA4u);
 228              		.loc 1 270 0
 229 00fa 0E4A     		ldr	r2, .L8+32
 230 00fc 0E4B     		ldr	r3, .L8+36
 231 00fe 1A60     		str	r2, [r3]
 271:.\Generated_Source\PSoC4/cyfitter_cfg.c **** 
 272:.\Generated_Source\PSoC4/cyfitter_cfg.c **** 	/* IOPINS0_4 Starting address: CYDEV_PRT4_BASE */
 273:.\Generated_Source\PSoC4/cyfitter_cfg.c **** 	CY_SET_XTND_REG32((void CYFAR *)(CYDEV_PRT4_BASE), 0x00000002u);
 232              		.loc 1 273 0
 233 0100 0E4B     		ldr	r3, .L8+40
 234 0102 1860     		str	r0, [r3]
 274:.\Generated_Source\PSoC4/cyfitter_cfg.c **** 	CY_SET_XTND_REG32((void CYFAR *)(CYREG_PRT4_PC), 0x00000031u);
 235              		.loc 1 274 0
 236 0104 3122     		mov	r2, #49
 237 0106 0E4B     		ldr	r3, .L8+44
ARM GAS  C:\Users\capslock\AppData\Local\Temp\ccVqpd2k.s 			page 10


 238 0108 1A60     		str	r2, [r3]
 275:.\Generated_Source\PSoC4/cyfitter_cfg.c **** 	CY_SET_XTND_REG32((void CYFAR *)(CYREG_PRT4_PC2), 0x00000002u);
 239              		.loc 1 275 0
 240 010a 0E4B     		ldr	r3, .L8+48
 241 010c 1860     		str	r0, [r3]
 276:.\Generated_Source\PSoC4/cyfitter_cfg.c **** 
 277:.\Generated_Source\PSoC4/cyfitter_cfg.c **** 
 278:.\Generated_Source\PSoC4/cyfitter_cfg.c **** 	/* Setup clocks based on selections from Clock DWR */
 279:.\Generated_Source\PSoC4/cyfitter_cfg.c **** 	ClockSetup();
 242              		.loc 1 279 0
 243 010e FFF777FF 		bl	ClockSetup
 244              	.LVL12:
 280:.\Generated_Source\PSoC4/cyfitter_cfg.c **** 
 281:.\Generated_Source\PSoC4/cyfitter_cfg.c **** 	/* Perform basic analog initialization to defaults */
 282:.\Generated_Source\PSoC4/cyfitter_cfg.c **** 	AnalogSetDefault();
 283:.\Generated_Source\PSoC4/cyfitter_cfg.c **** 
 284:.\Generated_Source\PSoC4/cyfitter_cfg.c **** }
 245              		.loc 1 284 0
 246              		@ sp needed
 247 0112 10BD     		pop	{r4, pc}
 248              	.L9:
 249              		.align	2
 250              	.L8:
 251 0114 00000000 		.word	.LANCHOR0
 252 0118 EEEE0000 		.word	61166
 253 011c 0C000140 		.word	1073807372
 254 0120 10000140 		.word	1073807376
 255 0124 30500F40 		.word	1074745392
 256 0128 00700F40 		.word	1074753536
 257 012c 01700F40 		.word	1074753537
 258 0130 00030440 		.word	1074004736
 259 0134 A40D0000 		.word	3492
 260 0138 08030440 		.word	1074004744
 261 013c 00040440 		.word	1074004992
 262 0140 08040440 		.word	1074005000
 263 0144 18040440 		.word	1074005016
 264              		.cfi_endproc
 265              	.LFE5:
 266              		.size	cyfitter_cfg, .-cyfitter_cfg
 267              		.section	.rodata
 268              		.align	2
 269              		.set	.LANCHOR0,. + 0
 270              		.type	cfg_memset_list.4723, %object
 271              		.size	cfg_memset_list.4723, 12
 272              	cfg_memset_list.4723:
 273 0000 00300F40 		.word	1074737152
 274 0004 0004     		.short	1024
 275 0006 00400F40 		.4byte	1074741248
 276 000a 0004     		.short	1024
 277              		.text
 278              	.Letext0:
 279              		.file 2 "c:\\program files (x86)\\cypress\\psoc creator\\3.3\\psoc creator\\import\\gnu\\arm\\4.9.
 280              		.file 3 ".\\Generated_Source\\PSoC4\\cytypes.h"
 281              		.file 4 ".\\Generated_Source\\PSoC4\\CyLib.h"
 282              		.section	.debug_info,"",%progbits
 283              	.Ldebug_info0:
 284 0000 8F020000 		.4byte	0x28f
ARM GAS  C:\Users\capslock\AppData\Local\Temp\ccVqpd2k.s 			page 11


 285 0004 0400     		.2byte	0x4
 286 0006 00000000 		.4byte	.Ldebug_abbrev0
 287 000a 04       		.byte	0x4
 288 000b 01       		.uleb128 0x1
 289 000c 49010000 		.4byte	.LASF28
 290 0010 01       		.byte	0x1
 291 0011 05010000 		.4byte	.LASF29
 292 0015 D7010000 		.4byte	.LASF30
 293 0019 00000000 		.4byte	.Ldebug_ranges0+0
 294 001d 00000000 		.4byte	0
 295 0021 00000000 		.4byte	.Ldebug_line0
 296 0025 02       		.uleb128 0x2
 297 0026 04       		.byte	0x4
 298 0027 05       		.byte	0x5
 299 0028 696E7400 		.ascii	"int\000"
 300 002c 03       		.uleb128 0x3
 301 002d 06000000 		.4byte	.LASF11
 302 0031 02       		.byte	0x2
 303 0032 D4       		.byte	0xd4
 304 0033 37000000 		.4byte	0x37
 305 0037 04       		.uleb128 0x4
 306 0038 04       		.byte	0x4
 307 0039 07       		.byte	0x7
 308 003a B2000000 		.4byte	.LASF0
 309 003e 04       		.uleb128 0x4
 310 003f 01       		.byte	0x1
 311 0040 06       		.byte	0x6
 312 0041 3D020000 		.4byte	.LASF1
 313 0045 04       		.uleb128 0x4
 314 0046 01       		.byte	0x1
 315 0047 08       		.byte	0x8
 316 0048 7C000000 		.4byte	.LASF2
 317 004c 04       		.uleb128 0x4
 318 004d 02       		.byte	0x2
 319 004e 05       		.byte	0x5
 320 004f 15020000 		.4byte	.LASF3
 321 0053 04       		.uleb128 0x4
 322 0054 02       		.byte	0x2
 323 0055 07       		.byte	0x7
 324 0056 37000000 		.4byte	.LASF4
 325 005a 04       		.uleb128 0x4
 326 005b 04       		.byte	0x4
 327 005c 05       		.byte	0x5
 328 005d 34020000 		.4byte	.LASF5
 329 0061 04       		.uleb128 0x4
 330 0062 04       		.byte	0x4
 331 0063 07       		.byte	0x7
 332 0064 5A000000 		.4byte	.LASF6
 333 0068 04       		.uleb128 0x4
 334 0069 08       		.byte	0x8
 335 006a 05       		.byte	0x5
 336 006b 36010000 		.4byte	.LASF7
 337 006f 04       		.uleb128 0x4
 338 0070 08       		.byte	0x8
 339 0071 07       		.byte	0x7
 340 0072 D4000000 		.4byte	.LASF8
 341 0076 04       		.uleb128 0x4
ARM GAS  C:\Users\capslock\AppData\Local\Temp\ccVqpd2k.s 			page 12


 342 0077 04       		.byte	0x4
 343 0078 07       		.byte	0x7
 344 0079 2D010000 		.4byte	.LASF9
 345 007d 05       		.uleb128 0x5
 346 007e 04       		.byte	0x4
 347 007f 06       		.uleb128 0x6
 348 0080 04       		.byte	0x4
 349 0081 85000000 		.4byte	0x85
 350 0085 07       		.uleb128 0x7
 351 0086 04       		.uleb128 0x4
 352 0087 01       		.byte	0x1
 353 0088 08       		.byte	0x8
 354 0089 44010000 		.4byte	.LASF10
 355 008d 08       		.uleb128 0x8
 356 008e 6C000000 		.4byte	.LASF12
 357 0092 03       		.byte	0x3
 358 0093 9801     		.2byte	0x198
 359 0095 45000000 		.4byte	0x45
 360 0099 08       		.uleb128 0x8
 361 009a A4000000 		.4byte	.LASF13
 362 009e 03       		.byte	0x3
 363 009f 9901     		.2byte	0x199
 364 00a1 53000000 		.4byte	0x53
 365 00a5 08       		.uleb128 0x8
 366 00a6 AB000000 		.4byte	.LASF14
 367 00aa 03       		.byte	0x3
 368 00ab 9A01     		.2byte	0x19a
 369 00ad 61000000 		.4byte	0x61
 370 00b1 04       		.uleb128 0x4
 371 00b2 04       		.byte	0x4
 372 00b3 04       		.byte	0x4
 373 00b4 4A000000 		.4byte	.LASF15
 374 00b8 04       		.uleb128 0x4
 375 00b9 08       		.byte	0x8
 376 00ba 04       		.byte	0x4
 377 00bb 91000000 		.4byte	.LASF16
 378 00bf 08       		.uleb128 0x8
 379 00c0 55000000 		.4byte	.LASF17
 380 00c4 03       		.byte	0x3
 381 00c5 4202     		.2byte	0x242
 382 00c7 CB000000 		.4byte	0xcb
 383 00cb 09       		.uleb128 0x9
 384 00cc 8D000000 		.4byte	0x8d
 385 00d0 08       		.uleb128 0x8
 386 00d1 00000000 		.4byte	.LASF18
 387 00d5 03       		.byte	0x3
 388 00d6 4402     		.2byte	0x244
 389 00d8 DC000000 		.4byte	0xdc
 390 00dc 09       		.uleb128 0x9
 391 00dd A5000000 		.4byte	0xa5
 392 00e1 08       		.uleb128 0x8
 393 00e2 EB000000 		.4byte	.LASF19
 394 00e6 03       		.byte	0x3
 395 00e7 5402     		.2byte	0x254
 396 00e9 7F000000 		.4byte	0x7f
 397 00ed 0A       		.uleb128 0xa
 398 00ee 72000000 		.4byte	.LASF20
ARM GAS  C:\Users\capslock\AppData\Local\Temp\ccVqpd2k.s 			page 13


 399 00f2 01       		.byte	0x1
 400 00f3 3D       		.byte	0x3d
 401 00f4 00000000 		.4byte	.LFB0
 402 00f8 0C000000 		.4byte	.LFE0-.LFB0
 403 00fc 01       		.uleb128 0x1
 404 00fd 9C       		.byte	0x9c
 405 00fe 3A010000 		.4byte	0x13a
 406 0102 0B       		.uleb128 0xb
 407 0103 7300     		.ascii	"s\000"
 408 0105 01       		.byte	0x1
 409 0106 3D       		.byte	0x3d
 410 0107 7D000000 		.4byte	0x7d
 411 010b 00000000 		.4byte	.LLST0
 412 010f 0B       		.uleb128 0xb
 413 0110 6E00     		.ascii	"n\000"
 414 0112 01       		.byte	0x1
 415 0113 3D       		.byte	0x3d
 416 0114 2C000000 		.4byte	0x2c
 417 0118 21000000 		.4byte	.LLST1
 418 011c 0C       		.uleb128 0xc
 419 011d 0A000000 		.4byte	.LVL2
 420 0121 3D020000 		.4byte	0x23d
 421 0125 0D       		.uleb128 0xd
 422 0126 01       		.uleb128 0x1
 423 0127 52       		.byte	0x52
 424 0128 03       		.uleb128 0x3
 425 0129 F3       		.byte	0xf3
 426 012a 01       		.uleb128 0x1
 427 012b 51       		.byte	0x51
 428 012c 0D       		.uleb128 0xd
 429 012d 01       		.uleb128 0x1
 430 012e 51       		.byte	0x51
 431 012f 01       		.uleb128 0x1
 432 0130 30       		.byte	0x30
 433 0131 0D       		.uleb128 0xd
 434 0132 01       		.uleb128 0x1
 435 0133 50       		.byte	0x50
 436 0134 03       		.uleb128 0x3
 437 0135 F3       		.byte	0xf3
 438 0136 01       		.uleb128 0x1
 439 0137 50       		.byte	0x50
 440 0138 00       		.byte	0
 441 0139 00       		.byte	0
 442 013a 0A       		.uleb128 0xa
 443 013b 2C000000 		.4byte	.LASF21
 444 013f 01       		.byte	0x1
 445 0140 92       		.byte	0x92
 446 0141 00000000 		.4byte	.LFB3
 447 0145 90000000 		.4byte	.LFE3-.LFB3
 448 0149 01       		.uleb128 0x1
 449 014a 9C       		.byte	0x9c
 450 014b 85010000 		.4byte	0x185
 451 014f 0E       		.uleb128 0xe
 452 0150 14000000 		.4byte	.LVL3
 453 0154 5A020000 		.4byte	0x25a
 454 0158 62010000 		.4byte	0x162
 455 015c 0D       		.uleb128 0xd
ARM GAS  C:\Users\capslock\AppData\Local\Temp\ccVqpd2k.s 			page 14


 456 015d 01       		.uleb128 0x1
 457 015e 50       		.byte	0x50
 458 015f 01       		.uleb128 0x1
 459 0160 48       		.byte	0x48
 460 0161 00       		.byte	0
 461 0162 0E       		.uleb128 0xe
 462 0163 4E000000 		.4byte	.LVL4
 463 0167 6B020000 		.4byte	0x26b
 464 016b 75010000 		.4byte	0x175
 465 016f 0D       		.uleb128 0xd
 466 0170 01       		.uleb128 0x1
 467 0171 50       		.byte	0x50
 468 0172 01       		.uleb128 0x1
 469 0173 39       		.byte	0x39
 470 0174 00       		.byte	0
 471 0175 0C       		.uleb128 0xc
 472 0176 54000000 		.4byte	.LVL5
 473 017a 85020000 		.4byte	0x285
 474 017e 0D       		.uleb128 0xd
 475 017f 01       		.uleb128 0x1
 476 0180 50       		.byte	0x50
 477 0181 01       		.uleb128 0x1
 478 0182 39       		.byte	0x39
 479 0183 00       		.byte	0
 480 0184 00       		.byte	0
 481 0185 0F       		.uleb128 0xf
 482 0186 BF000000 		.4byte	.LASF31
 483 018a 01       		.byte	0x1
 484 018b E1       		.byte	0xe1
 485 018c 90000000 		.4byte	.LFB5
 486 0190 B8000000 		.4byte	.LFE5-.LFB5
 487 0194 01       		.uleb128 0x1
 488 0195 9C       		.byte	0x9c
 489 0196 3D020000 		.4byte	0x23d
 490 019a 10       		.uleb128 0x10
 491 019b 94000000 		.4byte	.LBB2
 492 019f 60000000 		.4byte	.LBE2-.LBB2
 493 01a3 33020000 		.4byte	0x233
 494 01a7 11       		.uleb128 0x11
 495 01a8 06       		.byte	0x6
 496 01a9 01       		.byte	0x1
 497 01aa E8       		.byte	0xe8
 498 01ab C8010000 		.4byte	0x1c8
 499 01af 12       		.uleb128 0x12
 500 01b0 CC000000 		.4byte	.LASF22
 501 01b4 01       		.byte	0x1
 502 01b5 E9       		.byte	0xe9
 503 01b6 7D000000 		.4byte	0x7d
 504 01ba 00       		.byte	0
 505 01bb 12       		.uleb128 0x12
 506 01bc 50000000 		.4byte	.LASF23
 507 01c0 01       		.byte	0x1
 508 01c1 EA       		.byte	0xea
 509 01c2 99000000 		.4byte	0x99
 510 01c6 04       		.byte	0x4
 511 01c7 00       		.byte	0
 512 01c8 03       		.uleb128 0x3
ARM GAS  C:\Users\capslock\AppData\Local\Temp\ccVqpd2k.s 			page 15


 513 01c9 F8000000 		.4byte	.LASF24
 514 01cd 01       		.byte	0x1
 515 01ce EB       		.byte	0xeb
 516 01cf A7010000 		.4byte	0x1a7
 517 01d3 13       		.uleb128 0x13
 518 01d4 C8010000 		.4byte	0x1c8
 519 01d8 E3010000 		.4byte	0x1e3
 520 01dc 14       		.uleb128 0x14
 521 01dd 76000000 		.4byte	0x76
 522 01e1 01       		.byte	0x1
 523 01e2 00       		.byte	0
 524 01e3 15       		.uleb128 0x15
 525 01e4 1C000000 		.4byte	.LASF25
 526 01e8 01       		.byte	0x1
 527 01e9 ED       		.byte	0xed
 528 01ea F4010000 		.4byte	0x1f4
 529 01ee 05       		.uleb128 0x5
 530 01ef 03       		.byte	0x3
 531 01f0 00000000 		.4byte	cfg_memset_list.4723
 532 01f4 16       		.uleb128 0x16
 533 01f5 D3010000 		.4byte	0x1d3
 534 01f9 17       		.uleb128 0x17
 535 01fa 6900     		.ascii	"i\000"
 536 01fc 01       		.byte	0x1
 537 01fd F3       		.byte	0xf3
 538 01fe 8D000000 		.4byte	0x8d
 539 0202 4D000000 		.4byte	.LLST2
 540 0206 18       		.uleb128 0x18
 541 0207 98000000 		.4byte	.LBB3
 542 020b 1E000000 		.4byte	.LBE3-.LBB3
 543 020f 17       		.uleb128 0x17
 544 0210 6D7300   		.ascii	"ms\000"
 545 0213 01       		.byte	0x1
 546 0214 F8       		.byte	0xf8
 547 0215 1D020000 		.4byte	0x21d
 548 0219 77000000 		.4byte	.LLST3
 549 021d 06       		.uleb128 0x6
 550 021e 04       		.byte	0x4
 551 021f 23020000 		.4byte	0x223
 552 0223 16       		.uleb128 0x16
 553 0224 C8010000 		.4byte	0x1c8
 554 0228 19       		.uleb128 0x19
 555 0229 B6000000 		.4byte	.LVL8
 556 022d ED000000 		.4byte	0xed
 557 0231 00       		.byte	0
 558 0232 00       		.byte	0
 559 0233 19       		.uleb128 0x19
 560 0234 12010000 		.4byte	.LVL12
 561 0238 3A010000 		.4byte	0x13a
 562 023c 00       		.byte	0
 563 023d 1A       		.uleb128 0x1a
 564 023e 8A000000 		.4byte	.LASF26
 565 0242 7D000000 		.4byte	0x7d
 566 0246 5A020000 		.4byte	0x25a
 567 024a 1B       		.uleb128 0x1b
 568 024b 7D000000 		.4byte	0x7d
 569 024f 1B       		.uleb128 0x1b
ARM GAS  C:\Users\capslock\AppData\Local\Temp\ccVqpd2k.s 			page 16


 570 0250 25000000 		.4byte	0x25
 571 0254 1B       		.uleb128 0x1b
 572 0255 76000000 		.4byte	0x76
 573 0259 00       		.byte	0
 574 025a 1C       		.uleb128 0x1c
 575 025b 1F020000 		.4byte	.LASF27
 576 025f 04       		.byte	0x4
 577 0260 6C       		.byte	0x6c
 578 0261 6B020000 		.4byte	0x26b
 579 0265 1B       		.uleb128 0x1b
 580 0266 A5000000 		.4byte	0xa5
 581 026a 00       		.byte	0
 582 026b 1D       		.uleb128 0x1d
 583 026c 0D000000 		.4byte	.LASF32
 584 0270 04       		.byte	0x4
 585 0271 BB       		.byte	0xbb
 586 0272 E1000000 		.4byte	0xe1
 587 0276 85020000 		.4byte	0x285
 588 027a 1B       		.uleb128 0x1b
 589 027b 8D000000 		.4byte	0x8d
 590 027f 1B       		.uleb128 0x1b
 591 0280 E1000000 		.4byte	0xe1
 592 0284 00       		.byte	0
 593 0285 1E       		.uleb128 0x1e
 594 0286 98000000 		.4byte	.LASF33
 595 028a 04       		.byte	0x4
 596 028b C1       		.byte	0xc1
 597 028c 1B       		.uleb128 0x1b
 598 028d 8D000000 		.4byte	0x8d
 599 0291 00       		.byte	0
 600 0292 00       		.byte	0
 601              		.section	.debug_abbrev,"",%progbits
 602              	.Ldebug_abbrev0:
 603 0000 01       		.uleb128 0x1
 604 0001 11       		.uleb128 0x11
 605 0002 01       		.byte	0x1
 606 0003 25       		.uleb128 0x25
 607 0004 0E       		.uleb128 0xe
 608 0005 13       		.uleb128 0x13
 609 0006 0B       		.uleb128 0xb
 610 0007 03       		.uleb128 0x3
 611 0008 0E       		.uleb128 0xe
 612 0009 1B       		.uleb128 0x1b
 613 000a 0E       		.uleb128 0xe
 614 000b 55       		.uleb128 0x55
 615 000c 17       		.uleb128 0x17
 616 000d 11       		.uleb128 0x11
 617 000e 01       		.uleb128 0x1
 618 000f 10       		.uleb128 0x10
 619 0010 17       		.uleb128 0x17
 620 0011 00       		.byte	0
 621 0012 00       		.byte	0
 622 0013 02       		.uleb128 0x2
 623 0014 24       		.uleb128 0x24
 624 0015 00       		.byte	0
 625 0016 0B       		.uleb128 0xb
 626 0017 0B       		.uleb128 0xb
ARM GAS  C:\Users\capslock\AppData\Local\Temp\ccVqpd2k.s 			page 17


 627 0018 3E       		.uleb128 0x3e
 628 0019 0B       		.uleb128 0xb
 629 001a 03       		.uleb128 0x3
 630 001b 08       		.uleb128 0x8
 631 001c 00       		.byte	0
 632 001d 00       		.byte	0
 633 001e 03       		.uleb128 0x3
 634 001f 16       		.uleb128 0x16
 635 0020 00       		.byte	0
 636 0021 03       		.uleb128 0x3
 637 0022 0E       		.uleb128 0xe
 638 0023 3A       		.uleb128 0x3a
 639 0024 0B       		.uleb128 0xb
 640 0025 3B       		.uleb128 0x3b
 641 0026 0B       		.uleb128 0xb
 642 0027 49       		.uleb128 0x49
 643 0028 13       		.uleb128 0x13
 644 0029 00       		.byte	0
 645 002a 00       		.byte	0
 646 002b 04       		.uleb128 0x4
 647 002c 24       		.uleb128 0x24
 648 002d 00       		.byte	0
 649 002e 0B       		.uleb128 0xb
 650 002f 0B       		.uleb128 0xb
 651 0030 3E       		.uleb128 0x3e
 652 0031 0B       		.uleb128 0xb
 653 0032 03       		.uleb128 0x3
 654 0033 0E       		.uleb128 0xe
 655 0034 00       		.byte	0
 656 0035 00       		.byte	0
 657 0036 05       		.uleb128 0x5
 658 0037 0F       		.uleb128 0xf
 659 0038 00       		.byte	0
 660 0039 0B       		.uleb128 0xb
 661 003a 0B       		.uleb128 0xb
 662 003b 00       		.byte	0
 663 003c 00       		.byte	0
 664 003d 06       		.uleb128 0x6
 665 003e 0F       		.uleb128 0xf
 666 003f 00       		.byte	0
 667 0040 0B       		.uleb128 0xb
 668 0041 0B       		.uleb128 0xb
 669 0042 49       		.uleb128 0x49
 670 0043 13       		.uleb128 0x13
 671 0044 00       		.byte	0
 672 0045 00       		.byte	0
 673 0046 07       		.uleb128 0x7
 674 0047 15       		.uleb128 0x15
 675 0048 00       		.byte	0
 676 0049 27       		.uleb128 0x27
 677 004a 19       		.uleb128 0x19
 678 004b 00       		.byte	0
 679 004c 00       		.byte	0
 680 004d 08       		.uleb128 0x8
 681 004e 16       		.uleb128 0x16
 682 004f 00       		.byte	0
 683 0050 03       		.uleb128 0x3
ARM GAS  C:\Users\capslock\AppData\Local\Temp\ccVqpd2k.s 			page 18


 684 0051 0E       		.uleb128 0xe
 685 0052 3A       		.uleb128 0x3a
 686 0053 0B       		.uleb128 0xb
 687 0054 3B       		.uleb128 0x3b
 688 0055 05       		.uleb128 0x5
 689 0056 49       		.uleb128 0x49
 690 0057 13       		.uleb128 0x13
 691 0058 00       		.byte	0
 692 0059 00       		.byte	0
 693 005a 09       		.uleb128 0x9
 694 005b 35       		.uleb128 0x35
 695 005c 00       		.byte	0
 696 005d 49       		.uleb128 0x49
 697 005e 13       		.uleb128 0x13
 698 005f 00       		.byte	0
 699 0060 00       		.byte	0
 700 0061 0A       		.uleb128 0xa
 701 0062 2E       		.uleb128 0x2e
 702 0063 01       		.byte	0x1
 703 0064 03       		.uleb128 0x3
 704 0065 0E       		.uleb128 0xe
 705 0066 3A       		.uleb128 0x3a
 706 0067 0B       		.uleb128 0xb
 707 0068 3B       		.uleb128 0x3b
 708 0069 0B       		.uleb128 0xb
 709 006a 27       		.uleb128 0x27
 710 006b 19       		.uleb128 0x19
 711 006c 11       		.uleb128 0x11
 712 006d 01       		.uleb128 0x1
 713 006e 12       		.uleb128 0x12
 714 006f 06       		.uleb128 0x6
 715 0070 40       		.uleb128 0x40
 716 0071 18       		.uleb128 0x18
 717 0072 9742     		.uleb128 0x2117
 718 0074 19       		.uleb128 0x19
 719 0075 01       		.uleb128 0x1
 720 0076 13       		.uleb128 0x13
 721 0077 00       		.byte	0
 722 0078 00       		.byte	0
 723 0079 0B       		.uleb128 0xb
 724 007a 05       		.uleb128 0x5
 725 007b 00       		.byte	0
 726 007c 03       		.uleb128 0x3
 727 007d 08       		.uleb128 0x8
 728 007e 3A       		.uleb128 0x3a
 729 007f 0B       		.uleb128 0xb
 730 0080 3B       		.uleb128 0x3b
 731 0081 0B       		.uleb128 0xb
 732 0082 49       		.uleb128 0x49
 733 0083 13       		.uleb128 0x13
 734 0084 02       		.uleb128 0x2
 735 0085 17       		.uleb128 0x17
 736 0086 00       		.byte	0
 737 0087 00       		.byte	0
 738 0088 0C       		.uleb128 0xc
 739 0089 898201   		.uleb128 0x4109
 740 008c 01       		.byte	0x1
ARM GAS  C:\Users\capslock\AppData\Local\Temp\ccVqpd2k.s 			page 19


 741 008d 11       		.uleb128 0x11
 742 008e 01       		.uleb128 0x1
 743 008f 31       		.uleb128 0x31
 744 0090 13       		.uleb128 0x13
 745 0091 00       		.byte	0
 746 0092 00       		.byte	0
 747 0093 0D       		.uleb128 0xd
 748 0094 8A8201   		.uleb128 0x410a
 749 0097 00       		.byte	0
 750 0098 02       		.uleb128 0x2
 751 0099 18       		.uleb128 0x18
 752 009a 9142     		.uleb128 0x2111
 753 009c 18       		.uleb128 0x18
 754 009d 00       		.byte	0
 755 009e 00       		.byte	0
 756 009f 0E       		.uleb128 0xe
 757 00a0 898201   		.uleb128 0x4109
 758 00a3 01       		.byte	0x1
 759 00a4 11       		.uleb128 0x11
 760 00a5 01       		.uleb128 0x1
 761 00a6 31       		.uleb128 0x31
 762 00a7 13       		.uleb128 0x13
 763 00a8 01       		.uleb128 0x1
 764 00a9 13       		.uleb128 0x13
 765 00aa 00       		.byte	0
 766 00ab 00       		.byte	0
 767 00ac 0F       		.uleb128 0xf
 768 00ad 2E       		.uleb128 0x2e
 769 00ae 01       		.byte	0x1
 770 00af 3F       		.uleb128 0x3f
 771 00b0 19       		.uleb128 0x19
 772 00b1 03       		.uleb128 0x3
 773 00b2 0E       		.uleb128 0xe
 774 00b3 3A       		.uleb128 0x3a
 775 00b4 0B       		.uleb128 0xb
 776 00b5 3B       		.uleb128 0x3b
 777 00b6 0B       		.uleb128 0xb
 778 00b7 27       		.uleb128 0x27
 779 00b8 19       		.uleb128 0x19
 780 00b9 11       		.uleb128 0x11
 781 00ba 01       		.uleb128 0x1
 782 00bb 12       		.uleb128 0x12
 783 00bc 06       		.uleb128 0x6
 784 00bd 40       		.uleb128 0x40
 785 00be 18       		.uleb128 0x18
 786 00bf 9742     		.uleb128 0x2117
 787 00c1 19       		.uleb128 0x19
 788 00c2 01       		.uleb128 0x1
 789 00c3 13       		.uleb128 0x13
 790 00c4 00       		.byte	0
 791 00c5 00       		.byte	0
 792 00c6 10       		.uleb128 0x10
 793 00c7 0B       		.uleb128 0xb
 794 00c8 01       		.byte	0x1
 795 00c9 11       		.uleb128 0x11
 796 00ca 01       		.uleb128 0x1
 797 00cb 12       		.uleb128 0x12
ARM GAS  C:\Users\capslock\AppData\Local\Temp\ccVqpd2k.s 			page 20


 798 00cc 06       		.uleb128 0x6
 799 00cd 01       		.uleb128 0x1
 800 00ce 13       		.uleb128 0x13
 801 00cf 00       		.byte	0
 802 00d0 00       		.byte	0
 803 00d1 11       		.uleb128 0x11
 804 00d2 13       		.uleb128 0x13
 805 00d3 01       		.byte	0x1
 806 00d4 0B       		.uleb128 0xb
 807 00d5 0B       		.uleb128 0xb
 808 00d6 3A       		.uleb128 0x3a
 809 00d7 0B       		.uleb128 0xb
 810 00d8 3B       		.uleb128 0x3b
 811 00d9 0B       		.uleb128 0xb
 812 00da 01       		.uleb128 0x1
 813 00db 13       		.uleb128 0x13
 814 00dc 00       		.byte	0
 815 00dd 00       		.byte	0
 816 00de 12       		.uleb128 0x12
 817 00df 0D       		.uleb128 0xd
 818 00e0 00       		.byte	0
 819 00e1 03       		.uleb128 0x3
 820 00e2 0E       		.uleb128 0xe
 821 00e3 3A       		.uleb128 0x3a
 822 00e4 0B       		.uleb128 0xb
 823 00e5 3B       		.uleb128 0x3b
 824 00e6 0B       		.uleb128 0xb
 825 00e7 49       		.uleb128 0x49
 826 00e8 13       		.uleb128 0x13
 827 00e9 38       		.uleb128 0x38
 828 00ea 0B       		.uleb128 0xb
 829 00eb 00       		.byte	0
 830 00ec 00       		.byte	0
 831 00ed 13       		.uleb128 0x13
 832 00ee 01       		.uleb128 0x1
 833 00ef 01       		.byte	0x1
 834 00f0 49       		.uleb128 0x49
 835 00f1 13       		.uleb128 0x13
 836 00f2 01       		.uleb128 0x1
 837 00f3 13       		.uleb128 0x13
 838 00f4 00       		.byte	0
 839 00f5 00       		.byte	0
 840 00f6 14       		.uleb128 0x14
 841 00f7 21       		.uleb128 0x21
 842 00f8 00       		.byte	0
 843 00f9 49       		.uleb128 0x49
 844 00fa 13       		.uleb128 0x13
 845 00fb 2F       		.uleb128 0x2f
 846 00fc 0B       		.uleb128 0xb
 847 00fd 00       		.byte	0
 848 00fe 00       		.byte	0
 849 00ff 15       		.uleb128 0x15
 850 0100 34       		.uleb128 0x34
 851 0101 00       		.byte	0
 852 0102 03       		.uleb128 0x3
 853 0103 0E       		.uleb128 0xe
 854 0104 3A       		.uleb128 0x3a
ARM GAS  C:\Users\capslock\AppData\Local\Temp\ccVqpd2k.s 			page 21


 855 0105 0B       		.uleb128 0xb
 856 0106 3B       		.uleb128 0x3b
 857 0107 0B       		.uleb128 0xb
 858 0108 49       		.uleb128 0x49
 859 0109 13       		.uleb128 0x13
 860 010a 02       		.uleb128 0x2
 861 010b 18       		.uleb128 0x18
 862 010c 00       		.byte	0
 863 010d 00       		.byte	0
 864 010e 16       		.uleb128 0x16
 865 010f 26       		.uleb128 0x26
 866 0110 00       		.byte	0
 867 0111 49       		.uleb128 0x49
 868 0112 13       		.uleb128 0x13
 869 0113 00       		.byte	0
 870 0114 00       		.byte	0
 871 0115 17       		.uleb128 0x17
 872 0116 34       		.uleb128 0x34
 873 0117 00       		.byte	0
 874 0118 03       		.uleb128 0x3
 875 0119 08       		.uleb128 0x8
 876 011a 3A       		.uleb128 0x3a
 877 011b 0B       		.uleb128 0xb
 878 011c 3B       		.uleb128 0x3b
 879 011d 0B       		.uleb128 0xb
 880 011e 49       		.uleb128 0x49
 881 011f 13       		.uleb128 0x13
 882 0120 02       		.uleb128 0x2
 883 0121 17       		.uleb128 0x17
 884 0122 00       		.byte	0
 885 0123 00       		.byte	0
 886 0124 18       		.uleb128 0x18
 887 0125 0B       		.uleb128 0xb
 888 0126 01       		.byte	0x1
 889 0127 11       		.uleb128 0x11
 890 0128 01       		.uleb128 0x1
 891 0129 12       		.uleb128 0x12
 892 012a 06       		.uleb128 0x6
 893 012b 00       		.byte	0
 894 012c 00       		.byte	0
 895 012d 19       		.uleb128 0x19
 896 012e 898201   		.uleb128 0x4109
 897 0131 00       		.byte	0
 898 0132 11       		.uleb128 0x11
 899 0133 01       		.uleb128 0x1
 900 0134 31       		.uleb128 0x31
 901 0135 13       		.uleb128 0x13
 902 0136 00       		.byte	0
 903 0137 00       		.byte	0
 904 0138 1A       		.uleb128 0x1a
 905 0139 2E       		.uleb128 0x2e
 906 013a 01       		.byte	0x1
 907 013b 3F       		.uleb128 0x3f
 908 013c 19       		.uleb128 0x19
 909 013d 03       		.uleb128 0x3
 910 013e 0E       		.uleb128 0xe
 911 013f 27       		.uleb128 0x27
ARM GAS  C:\Users\capslock\AppData\Local\Temp\ccVqpd2k.s 			page 22


 912 0140 19       		.uleb128 0x19
 913 0141 49       		.uleb128 0x49
 914 0142 13       		.uleb128 0x13
 915 0143 34       		.uleb128 0x34
 916 0144 19       		.uleb128 0x19
 917 0145 3C       		.uleb128 0x3c
 918 0146 19       		.uleb128 0x19
 919 0147 01       		.uleb128 0x1
 920 0148 13       		.uleb128 0x13
 921 0149 00       		.byte	0
 922 014a 00       		.byte	0
 923 014b 1B       		.uleb128 0x1b
 924 014c 05       		.uleb128 0x5
 925 014d 00       		.byte	0
 926 014e 49       		.uleb128 0x49
 927 014f 13       		.uleb128 0x13
 928 0150 00       		.byte	0
 929 0151 00       		.byte	0
 930 0152 1C       		.uleb128 0x1c
 931 0153 2E       		.uleb128 0x2e
 932 0154 01       		.byte	0x1
 933 0155 3F       		.uleb128 0x3f
 934 0156 19       		.uleb128 0x19
 935 0157 03       		.uleb128 0x3
 936 0158 0E       		.uleb128 0xe
 937 0159 3A       		.uleb128 0x3a
 938 015a 0B       		.uleb128 0xb
 939 015b 3B       		.uleb128 0x3b
 940 015c 0B       		.uleb128 0xb
 941 015d 27       		.uleb128 0x27
 942 015e 19       		.uleb128 0x19
 943 015f 3C       		.uleb128 0x3c
 944 0160 19       		.uleb128 0x19
 945 0161 01       		.uleb128 0x1
 946 0162 13       		.uleb128 0x13
 947 0163 00       		.byte	0
 948 0164 00       		.byte	0
 949 0165 1D       		.uleb128 0x1d
 950 0166 2E       		.uleb128 0x2e
 951 0167 01       		.byte	0x1
 952 0168 3F       		.uleb128 0x3f
 953 0169 19       		.uleb128 0x19
 954 016a 03       		.uleb128 0x3
 955 016b 0E       		.uleb128 0xe
 956 016c 3A       		.uleb128 0x3a
 957 016d 0B       		.uleb128 0xb
 958 016e 3B       		.uleb128 0x3b
 959 016f 0B       		.uleb128 0xb
 960 0170 27       		.uleb128 0x27
 961 0171 19       		.uleb128 0x19
 962 0172 49       		.uleb128 0x49
 963 0173 13       		.uleb128 0x13
 964 0174 3C       		.uleb128 0x3c
 965 0175 19       		.uleb128 0x19
 966 0176 01       		.uleb128 0x1
 967 0177 13       		.uleb128 0x13
 968 0178 00       		.byte	0
ARM GAS  C:\Users\capslock\AppData\Local\Temp\ccVqpd2k.s 			page 23


 969 0179 00       		.byte	0
 970 017a 1E       		.uleb128 0x1e
 971 017b 2E       		.uleb128 0x2e
 972 017c 01       		.byte	0x1
 973 017d 3F       		.uleb128 0x3f
 974 017e 19       		.uleb128 0x19
 975 017f 03       		.uleb128 0x3
 976 0180 0E       		.uleb128 0xe
 977 0181 3A       		.uleb128 0x3a
 978 0182 0B       		.uleb128 0xb
 979 0183 3B       		.uleb128 0x3b
 980 0184 0B       		.uleb128 0xb
 981 0185 27       		.uleb128 0x27
 982 0186 19       		.uleb128 0x19
 983 0187 3C       		.uleb128 0x3c
 984 0188 19       		.uleb128 0x19
 985 0189 00       		.byte	0
 986 018a 00       		.byte	0
 987 018b 00       		.byte	0
 988              		.section	.debug_loc,"",%progbits
 989              	.Ldebug_loc0:
 990              	.LLST0:
 991 0000 00000000 		.4byte	.LVL0
 992 0004 09000000 		.4byte	.LVL2-1
 993 0008 0100     		.2byte	0x1
 994 000a 50       		.byte	0x50
 995 000b 09000000 		.4byte	.LVL2-1
 996 000f 0C000000 		.4byte	.LFE0
 997 0013 0400     		.2byte	0x4
 998 0015 F3       		.byte	0xf3
 999 0016 01       		.uleb128 0x1
 1000 0017 50       		.byte	0x50
 1001 0018 9F       		.byte	0x9f
 1002 0019 00000000 		.4byte	0
 1003 001d 00000000 		.4byte	0
 1004              	.LLST1:
 1005 0021 00000000 		.4byte	.LVL0
 1006 0025 06000000 		.4byte	.LVL1
 1007 0029 0100     		.2byte	0x1
 1008 002b 51       		.byte	0x51
 1009 002c 06000000 		.4byte	.LVL1
 1010 0030 09000000 		.4byte	.LVL2-1
 1011 0034 0100     		.2byte	0x1
 1012 0036 52       		.byte	0x52
 1013 0037 09000000 		.4byte	.LVL2-1
 1014 003b 0C000000 		.4byte	.LFE0
 1015 003f 0400     		.2byte	0x4
 1016 0041 F3       		.byte	0xf3
 1017 0042 01       		.uleb128 0x1
 1018 0043 51       		.byte	0x51
 1019 0044 9F       		.byte	0x9f
 1020 0045 00000000 		.4byte	0
 1021 0049 00000000 		.4byte	0
 1022              	.LLST2:
 1023 004d 94000000 		.4byte	.LVL6
 1024 0051 98000000 		.4byte	.LVL7
 1025 0055 0200     		.2byte	0x2
ARM GAS  C:\Users\capslock\AppData\Local\Temp\ccVqpd2k.s 			page 24


 1026 0057 30       		.byte	0x30
 1027 0058 9F       		.byte	0x9f
 1028 0059 98000000 		.4byte	.LVL7
 1029 005d B8000000 		.4byte	.LVL9
 1030 0061 0100     		.2byte	0x1
 1031 0063 54       		.byte	0x54
 1032 0064 BA000000 		.4byte	.LVL10
 1033 0068 E0000000 		.4byte	.LVL11
 1034 006c 0100     		.2byte	0x1
 1035 006e 54       		.byte	0x54
 1036 006f 00000000 		.4byte	0
 1037 0073 00000000 		.4byte	0
 1038              	.LLST3:
 1039 0077 98000000 		.4byte	.LVL7
 1040 007b B8000000 		.4byte	.LVL9
 1041 007f 0B00     		.2byte	0xb
 1042 0081 74       		.byte	0x74
 1043 0082 00       		.sleb128 0
 1044 0083 36       		.byte	0x36
 1045 0084 1E       		.byte	0x1e
 1046 0085 03       		.byte	0x3
 1047 0086 00000000 		.4byte	cfg_memset_list.4723
 1048 008a 22       		.byte	0x22
 1049 008b 9F       		.byte	0x9f
 1050 008c B8000000 		.4byte	.LVL9
 1051 0090 BA000000 		.4byte	.LVL10
 1052 0094 0B00     		.2byte	0xb
 1053 0096 74       		.byte	0x74
 1054 0097 7F       		.sleb128 -1
 1055 0098 36       		.byte	0x36
 1056 0099 1E       		.byte	0x1e
 1057 009a 03       		.byte	0x3
 1058 009b 00000000 		.4byte	cfg_memset_list.4723
 1059 009f 22       		.byte	0x22
 1060 00a0 9F       		.byte	0x9f
 1061 00a1 00000000 		.4byte	0
 1062 00a5 00000000 		.4byte	0
 1063              		.section	.debug_aranges,"",%progbits
 1064 0000 2C000000 		.4byte	0x2c
 1065 0004 0200     		.2byte	0x2
 1066 0006 00000000 		.4byte	.Ldebug_info0
 1067 000a 04       		.byte	0x4
 1068 000b 00       		.byte	0
 1069 000c 0000     		.2byte	0
 1070 000e 0000     		.2byte	0
 1071 0010 00000000 		.4byte	.LFB0
 1072 0014 0C000000 		.4byte	.LFE0-.LFB0
 1073 0018 00000000 		.4byte	.LFB3
 1074 001c 90000000 		.4byte	.LFE3-.LFB3
 1075 0020 90000000 		.4byte	.LFB5
 1076 0024 B8000000 		.4byte	.LFE5-.LFB5
 1077 0028 00000000 		.4byte	0
 1078 002c 00000000 		.4byte	0
 1079              		.section	.debug_ranges,"",%progbits
 1080              	.Ldebug_ranges0:
 1081 0000 00000000 		.4byte	.LFB0
 1082 0004 0C000000 		.4byte	.LFE0
ARM GAS  C:\Users\capslock\AppData\Local\Temp\ccVqpd2k.s 			page 25


 1083 0008 00000000 		.4byte	.LFB3
 1084 000c 90000000 		.4byte	.LFE3
 1085 0010 90000000 		.4byte	.LFB5
 1086 0014 48010000 		.4byte	.LFE5
 1087 0018 00000000 		.4byte	0
 1088 001c 00000000 		.4byte	0
 1089              		.section	.debug_line,"",%progbits
 1090              	.Ldebug_line0:
 1091 0000 33010000 		.section	.debug_str,"MS",%progbits,1
 1091      0200D800 
 1091      00000201 
 1091      FB0E0D00 
 1091      01010101 
 1092              	.LASF18:
 1093 0000 72656733 		.ascii	"reg32\000"
 1093      3200
 1094              	.LASF11:
 1095 0006 73697A65 		.ascii	"size_t\000"
 1095      5F7400
 1096              	.LASF32:
 1097 000d 4379496E 		.ascii	"CyIntSetVector\000"
 1097      74536574 
 1097      56656374 
 1097      6F7200
 1098              	.LASF25:
 1099 001c 6366675F 		.ascii	"cfg_memset_list\000"
 1099      6D656D73 
 1099      65745F6C 
 1099      69737400 
 1100              	.LASF21:
 1101 002c 436C6F63 		.ascii	"ClockSetup\000"
 1101      6B536574 
 1101      757000
 1102              	.LASF4:
 1103 0037 73686F72 		.ascii	"short unsigned int\000"
 1103      7420756E 
 1103      7369676E 
 1103      65642069 
 1103      6E7400
 1104              	.LASF15:
 1105 004a 666C6F61 		.ascii	"float\000"
 1105      7400
 1106              	.LASF23:
 1107 0050 73697A65 		.ascii	"size\000"
 1107      00
 1108              	.LASF17:
 1109 0055 72656738 		.ascii	"reg8\000"
 1109      00
 1110              	.LASF6:
 1111 005a 6C6F6E67 		.ascii	"long unsigned int\000"
 1111      20756E73 
 1111      69676E65 
 1111      6420696E 
 1111      7400
 1112              	.LASF12:
 1113 006c 75696E74 		.ascii	"uint8\000"
 1113      3800
ARM GAS  C:\Users\capslock\AppData\Local\Temp\ccVqpd2k.s 			page 26


 1114              	.LASF20:
 1115 0072 43594D45 		.ascii	"CYMEMZERO\000"
 1115      4D5A4552 
 1115      4F00
 1116              	.LASF2:
 1117 007c 756E7369 		.ascii	"unsigned char\000"
 1117      676E6564 
 1117      20636861 
 1117      7200
 1118              	.LASF26:
 1119 008a 6D656D73 		.ascii	"memset\000"
 1119      657400
 1120              	.LASF16:
 1121 0091 646F7562 		.ascii	"double\000"
 1121      6C6500
 1122              	.LASF33:
 1123 0098 4379496E 		.ascii	"CyIntEnable\000"
 1123      74456E61 
 1123      626C6500 
 1124              	.LASF13:
 1125 00a4 75696E74 		.ascii	"uint16\000"
 1125      313600
 1126              	.LASF14:
 1127 00ab 75696E74 		.ascii	"uint32\000"
 1127      333200
 1128              	.LASF0:
 1129 00b2 756E7369 		.ascii	"unsigned int\000"
 1129      676E6564 
 1129      20696E74 
 1129      00
 1130              	.LASF31:
 1131 00bf 63796669 		.ascii	"cyfitter_cfg\000"
 1131      74746572 
 1131      5F636667 
 1131      00
 1132              	.LASF22:
 1133 00cc 61646472 		.ascii	"address\000"
 1133      65737300 
 1134              	.LASF8:
 1135 00d4 6C6F6E67 		.ascii	"long long unsigned int\000"
 1135      206C6F6E 
 1135      6720756E 
 1135      7369676E 
 1135      65642069 
 1136              	.LASF19:
 1137 00eb 63796973 		.ascii	"cyisraddress\000"
 1137      72616464 
 1137      72657373 
 1137      00
 1138              	.LASF24:
 1139 00f8 6366675F 		.ascii	"cfg_memset_t\000"
 1139      6D656D73 
 1139      65745F74 
 1139      00
 1140              	.LASF29:
 1141 0105 2E5C4765 		.ascii	".\\Generated_Source\\PSoC4\\cyfitter_cfg.c\000"
 1141      6E657261 
ARM GAS  C:\Users\capslock\AppData\Local\Temp\ccVqpd2k.s 			page 27


 1141      7465645F 
 1141      536F7572 
 1141      63655C50 
 1142              	.LASF9:
 1143 012d 73697A65 		.ascii	"sizetype\000"
 1143      74797065 
 1143      00
 1144              	.LASF7:
 1145 0136 6C6F6E67 		.ascii	"long long int\000"
 1145      206C6F6E 
 1145      6720696E 
 1145      7400
 1146              	.LASF10:
 1147 0144 63686172 		.ascii	"char\000"
 1147      00
 1148              	.LASF28:
 1149 0149 474E5520 		.ascii	"GNU C 4.9.3 20150303 (release) [ARM/embedded-4_9-br"
 1149      4320342E 
 1149      392E3320 
 1149      32303135 
 1149      30333033 
 1150 017c 616E6368 		.ascii	"anch revision 221220] -mcpu=cortex-m0 -mthumb -g -O"
 1150      20726576 
 1150      6973696F 
 1150      6E203232 
 1150      31323230 
 1151 01af 67202D66 		.ascii	"g -ffunction-sections -ffat-lto-objects\000"
 1151      66756E63 
 1151      74696F6E 
 1151      2D736563 
 1151      74696F6E 
 1152              	.LASF30:
 1153 01d7 433A5C55 		.ascii	"C:\\Users\\capslock\\Documents\\accelerometer\\PSoC"
 1153      73657273 
 1153      5C636170 
 1153      736C6F63 
 1153      6B5C446F 
 1154 0205 5C446573 		.ascii	"\\Design01.cydsn\000"
 1154      69676E30 
 1154      312E6379 
 1154      64736E00 
 1155              	.LASF3:
 1156 0215 73686F72 		.ascii	"short int\000"
 1156      7420696E 
 1156      7400
 1157              	.LASF27:
 1158 021f 43795379 		.ascii	"CySysClkWriteImoFreq\000"
 1158      73436C6B 
 1158      57726974 
 1158      65496D6F 
 1158      46726571 
 1159              	.LASF5:
 1160 0234 6C6F6E67 		.ascii	"long int\000"
 1160      20696E74 
 1160      00
 1161              	.LASF1:
 1162 023d 7369676E 		.ascii	"signed char\000"
ARM GAS  C:\Users\capslock\AppData\Local\Temp\ccVqpd2k.s 			page 28


 1162      65642063 
 1162      68617200 
 1163              		.ident	"GCC: (GNU Tools for ARM Embedded Processors) 4.9.3 20150303 (release) [ARM/embedded-4_9-br
